/badc/cmip6/data/CMIP6/HighResMIP/CMCC/CMCC-CM2-HR4/highres-future/r1i1p1f1/Omon/tauuo/gn:
files
latest
v20190509

/badc/cmip6/data/CMIP6/HighResMIP/CMCC/CMCC-CM2-VHR4/highres-future/r1i1p1f1/Omon/tauuo/gn:
files
latest
v20190509

/badc/cmip6/data/CMIP6/HighResMIP/CNRM-CERFACS/CNRM-CM6-1/highres-future/r1i1p1f2/Omon/tauuo/gn:
files
latest
v20190314

/badc/cmip6/data/CMIP6/HighResMIP/CNRM-CERFACS/CNRM-CM6-1-HR/highres-future/r1i1p1f2/Omon/tauuo/gn:
files
latest
v20190920

/badc/cmip6/data/CMIP6/HighResMIP/EC-Earth-Consortium/EC-Earth3P/highres-future/r1i1p2f1/Omon/tauuo/gn:
files
latest
v20190421

/badc/cmip6/data/CMIP6/HighResMIP/EC-Earth-Consortium/EC-Earth3P/highres-future/r2i1p2f1/Omon/tauuo/gn:
files
latest
v20190813

/badc/cmip6/data/CMIP6/HighResMIP/EC-Earth-Consortium/EC-Earth3P/highres-future/r3i1p2f1/Omon/tauuo/gn:
files
latest
v20190215

/badc/cmip6/data/CMIP6/HighResMIP/EC-Earth-Consortium/EC-Earth3P-HR/highres-future/r1i1p2f1/Omon/tauuo/gn:
files
latest
v20190802

/badc/cmip6/data/CMIP6/HighResMIP/EC-Earth-Consortium/EC-Earth3P-HR/highres-future/r2i1p2f1/Omon/tauuo/gn:
files
latest
v20190715

/badc/cmip6/data/CMIP6/HighResMIP/EC-Earth-Consortium/EC-Earth3P-HR/highres-future/r3i1p2f1/Omon/tauuo/gn:
files
latest
v20190412

/badc/cmip6/data/CMIP6/HighResMIP/MOHC/HadGEM3-GC31-HH/highres-future/r1i1p1f1/Omon/tauuo/gn:
files
latest
v20200731

/badc/cmip6/data/CMIP6/HighResMIP/MOHC/HadGEM3-GC31-HM/highres-future/r1i1p1f1/Omon/tauuo/gn:
files
latest
v20190301

/badc/cmip6/data/CMIP6/HighResMIP/MOHC/HadGEM3-GC31-HM/highres-future/r1i3p1f1/Omon/tauuo/gn:
files
latest
v20190902

/badc/cmip6/data/CMIP6/HighResMIP/MOHC/HadGEM3-GC31-LL/highres-future/r1i1p1f1/Omon/tauuo/gn:
files
latest
v20181206

/badc/cmip6/data/CMIP6/HighResMIP/MOHC/HadGEM3-GC31-LL/highres-future/r1i2p1f1/Omon/tauuo/gn:
files
latest
v20190801

/badc/cmip6/data/CMIP6/HighResMIP/MOHC/HadGEM3-GC31-LL/highres-future/r1i3p1f1/Omon/tauuo/gn:
files
latest
v20190801

/badc/cmip6/data/CMIP6/HighResMIP/MOHC/HadGEM3-GC31-LL/highres-future/r1i4p1f1/Omon/tauuo/gn:
files
latest
v20191218

/badc/cmip6/data/CMIP6/HighResMIP/MOHC/HadGEM3-GC31-MM/highres-future/r1i1p1f1/Omon/tauuo/gn:
files
latest
v20190222

/badc/cmip6/data/CMIP6/HighResMIP/MOHC/HadGEM3-GC31-MM/highres-future/r1i2p1f1/Omon/tauuo/gn:
files
latest
v20190801

/badc/cmip6/data/CMIP6/HighResMIP/MOHC/HadGEM3-GC31-MM/highres-future/r1i3p1f1/Omon/tauuo/gn:
files
latest
v20190801

/badc/cmip6/data/CMIP6/HighResMIP/NERC/HadGEM3-GC31-HM/highres-future/r1i2p1f1/Omon/tauuo/gn:
files
latest
v20190902
