/badc/cmip6/data/CMIP6/CMIP/AWI/AWI-CM-1-1-MR/historical/r1i1p1f1/Omon/tauuo/gn:
files
latest
v20181218

/badc/cmip6/data/CMIP6/CMIP/AWI/AWI-ESM-1-1-LR/historical/r1i1p1f1/Omon/tauuo/gn:
files
latest
v20200212

/badc/cmip6/data/CMIP6/CMIP/CAMS/CAMS-CSM1-0/historical/r1i1p1f1/Omon/tauuo/gn:
files
latest
v20190708

/badc/cmip6/data/CMIP6/CMIP/CAS/FGOALS-f3-L/historical/r1i1p1f1/Omon/tauuo/gn:
files
latest
v20191007

/badc/cmip6/data/CMIP6/CMIP/CAS/FGOALS-g3/historical/r1i1p1f1/Omon/tauuo/gn:
files
latest
v20191106

/badc/cmip6/data/CMIP6/CMIP/CCCma/CanESM5/historical/r1i1p1f1/Omon/tauuo/gn:
files
latest
v20190429

/badc/cmip6/data/CMIP6/CMIP/CNRM-CERFACS/CNRM-CM6-1/historical/r10i1p1f2/Omon/tauuo/gn:
files
latest
v20190125

/badc/cmip6/data/CMIP6/CMIP/CNRM-CERFACS/CNRM-CM6-1/historical/r1i1p1f2/Omon/tauuo/gn:
files
latest
v20180917

/badc/cmip6/data/CMIP6/CMIP/CNRM-CERFACS/CNRM-CM6-1/historical/r2i1p1f2/Omon/tauuo/gn:
files
latest
v20181126

/badc/cmip6/data/CMIP6/CMIP/CNRM-CERFACS/CNRM-CM6-1/historical/r3i1p1f2/Omon/tauuo/gn:
files
latest
v20190125

/badc/cmip6/data/CMIP6/CMIP/CNRM-CERFACS/CNRM-CM6-1/historical/r4i1p1f2/Omon/tauuo/gn:
files
latest
v20190125

/badc/cmip6/data/CMIP6/CMIP/CNRM-CERFACS/CNRM-CM6-1/historical/r5i1p1f2/Omon/tauuo/gn:
files
latest
v20190125

/badc/cmip6/data/CMIP6/CMIP/CNRM-CERFACS/CNRM-CM6-1/historical/r6i1p1f2/Omon/tauuo/gn:
files
latest
v20190125

/badc/cmip6/data/CMIP6/CMIP/CNRM-CERFACS/CNRM-CM6-1/historical/r7i1p1f2/Omon/tauuo/gn:
files
latest
v20190125

/badc/cmip6/data/CMIP6/CMIP/CNRM-CERFACS/CNRM-CM6-1/historical/r8i1p1f2/Omon/tauuo/gn:
files
latest
v20190125

/badc/cmip6/data/CMIP6/CMIP/CNRM-CERFACS/CNRM-CM6-1/historical/r9i1p1f2/Omon/tauuo/gn:
files
latest
v20190125

/badc/cmip6/data/CMIP6/CMIP/CNRM-CERFACS/CNRM-ESM2-1/historical/r1i1p1f2/Omon/tauuo/gn:
files
latest
v20181206

/badc/cmip6/data/CMIP6/CMIP/CNRM-CERFACS/CNRM-ESM2-1/historical/r2i1p1f2/Omon/tauuo/gn:
files
latest
v20190125

/badc/cmip6/data/CMIP6/CMIP/CNRM-CERFACS/CNRM-ESM2-1/historical/r3i1p1f2/Omon/tauuo/gn:
files
latest
v20190125

/badc/cmip6/data/CMIP6/CMIP/CNRM-CERFACS/CNRM-ESM2-1/historical/r4i1p1f2/Omon/tauuo/gn:
files
latest
v20190125

/badc/cmip6/data/CMIP6/CMIP/CNRM-CERFACS/CNRM-ESM2-1/historical/r5i1p1f2/Omon/tauuo/gn:
files
latest
v20190125

/badc/cmip6/data/CMIP6/CMIP/CSIRO/ACCESS-ESM1-5/historical/r1i1p1f1/Omon/tauuo/gn:
files
latest
v20191115

/badc/cmip6/data/CMIP6/CMIP/CSIRO-ARCCSS/ACCESS-CM2/historical/r1i1p1f1/Omon/tauuo/gn:
files
latest
v20191108

/badc/cmip6/data/CMIP6/CMIP/E3SM-Project/E3SM-1-0/historical/r1i1p1f1/Omon/tauuo/gr:
files
latest
v20190826

/badc/cmip6/data/CMIP6/CMIP/E3SM-Project/E3SM-1-1-ECA/historical/r1i1p1f1/Omon/tauuo/gr:
files
latest
v20200127

/badc/cmip6/data/CMIP6/CMIP/E3SM-Project/E3SM-1-1/historical/r1i1p1f1/Omon/tauuo/gr:
files
latest
v20191204

/badc/cmip6/data/CMIP6/CMIP/HAMMOZ-Consortium/MPI-ESM-1-2-HAM/historical/r1i1p1f1/Omon/tauuo/gn:
files
latest
v20190627

/badc/cmip6/data/CMIP6/CMIP/IPSL/IPSL-CM6A-LR/historical/r1i1p1f1/Omon/tauuo/gn:
files
latest
v20180803

/badc/cmip6/data/CMIP6/CMIP/IPSL/IPSL-CM6A-LR/historical/r2i1p1f1/Omon/tauuo/gn:
files
latest
v20180803

/badc/cmip6/data/CMIP6/CMIP/IPSL/IPSL-CM6A-LR/historical/r3i1p1f1/Omon/tauuo/gn:
files
latest
v20180803

/badc/cmip6/data/CMIP6/CMIP/IPSL/IPSL-CM6A-LR/historical/r4i1p1f1/Omon/tauuo/gn:
files
latest
v20180803

/badc/cmip6/data/CMIP6/CMIP/IPSL/IPSL-CM6A-LR/historical/r5i1p1f1/Omon/tauuo/gn:
files
latest
v20180803

/badc/cmip6/data/CMIP6/CMIP/IPSL/IPSL-CM6A-LR/historical/r6i1p1f1/Omon/tauuo/gn:
files
latest
v20180803

/badc/cmip6/data/CMIP6/CMIP/IPSL/IPSL-CM6A-LR/historical/r7i1p1f1/Omon/tauuo/gn:
files
latest
v20180803

/badc/cmip6/data/CMIP6/CMIP/IPSL/IPSL-CM6A-LR/historical/r8i1p1f1/Omon/tauuo/gn:
files
latest
v20180803

/badc/cmip6/data/CMIP6/CMIP/IPSL/IPSL-CM6A-LR/historical/r9i1p1f1/Omon/tauuo/gn:
files
latest
v20180803

/badc/cmip6/data/CMIP6/CMIP/MOHC/HadGEM3-GC31-LL/historical/r1i1p1f3/Omon/tauuo/gn:
files
latest
v20190624

/badc/cmip6/data/CMIP6/CMIP/MOHC/HadGEM3-GC31-LL/historical/r2i1p1f3/Omon/tauuo/gn:
files
latest
v20190624

/badc/cmip6/data/CMIP6/CMIP/MOHC/HadGEM3-GC31-LL/historical/r3i1p1f3/Omon/tauuo/gn:
files
latest
v20190626

/badc/cmip6/data/CMIP6/CMIP/MOHC/HadGEM3-GC31-LL/historical/r4i1p1f3/Omon/tauuo/gn:
files
latest
v20190624

/badc/cmip6/data/CMIP6/CMIP/MOHC/HadGEM3-GC31-MM/historical/r1i1p1f3/Omon/tauuo/gn:
files
latest
v20191207

/badc/cmip6/data/CMIP6/CMIP/MOHC/HadGEM3-GC31-MM/historical/r2i1p1f3/Omon/tauuo/gn:
files
latest
v20191218

/badc/cmip6/data/CMIP6/CMIP/MOHC/HadGEM3-GC31-MM/historical/r3i1p1f3/Omon/tauuo/gn:
files
latest
v20200601

/badc/cmip6/data/CMIP6/CMIP/MOHC/HadGEM3-GC31-MM/historical/r4i1p1f3/Omon/tauuo/gn:
files
latest
v20200601

/badc/cmip6/data/CMIP6/CMIP/MOHC/UKESM1-0-LL/historical/r10i1p1f2/Omon/tauuo/gn:
files
latest
v20191213

/badc/cmip6/data/CMIP6/CMIP/MOHC/UKESM1-0-LL/historical/r11i1p1f2/Omon/tauuo/gn:
files
latest
v20191209

/badc/cmip6/data/CMIP6/CMIP/MOHC/UKESM1-0-LL/historical/r12i1p1f2/Omon/tauuo/gn:
files
latest
v20191210

/badc/cmip6/data/CMIP6/CMIP/MOHC/UKESM1-0-LL/historical/r16i1p1f2/Omon/tauuo/gn:
files
latest
v20191209

/badc/cmip6/data/CMIP6/CMIP/MOHC/UKESM1-0-LL/historical/r17i1p1f2/Omon/tauuo/gn:
files
latest
v20191115

/badc/cmip6/data/CMIP6/CMIP/MOHC/UKESM1-0-LL/historical/r18i1p1f2/Omon/tauuo/gn:
files
latest
v20191119

/badc/cmip6/data/CMIP6/CMIP/MOHC/UKESM1-0-LL/historical/r19i1p1f2/Omon/tauuo/gn:
files
latest
v20191119

/badc/cmip6/data/CMIP6/CMIP/MOHC/UKESM1-0-LL/historical/r1i1p1f2/Omon/tauuo/gn:
files
latest
v20190406
v20190627

/badc/cmip6/data/CMIP6/CMIP/MOHC/UKESM1-0-LL/historical/r2i1p1f2/Omon/tauuo/gn:
files
latest
v20190708

/badc/cmip6/data/CMIP6/CMIP/MOHC/UKESM1-0-LL/historical/r3i1p1f2/Omon/tauuo/gn:
files
latest
v20190708

/badc/cmip6/data/CMIP6/CMIP/MOHC/UKESM1-0-LL/historical/r4i1p1f2/Omon/tauuo/gn:
files
latest
v20190708

/badc/cmip6/data/CMIP6/CMIP/MOHC/UKESM1-0-LL/historical/r5i1p1f3/Omon/tauuo/gn:
files
latest
v20200124

/badc/cmip6/data/CMIP6/CMIP/MOHC/UKESM1-0-LL/historical/r6i1p1f3/Omon/tauuo/gn:
files
latest
v20190604

/badc/cmip6/data/CMIP6/CMIP/MOHC/UKESM1-0-LL/historical/r7i1p1f3/Omon/tauuo/gn:
files
latest
v20191011

/badc/cmip6/data/CMIP6/CMIP/MOHC/UKESM1-0-LL/historical/r8i1p1f2/Omon/tauuo/gn:
files
latest
v20190708

/badc/cmip6/data/CMIP6/CMIP/MOHC/UKESM1-0-LL/historical/r9i1p1f2/Omon/tauuo/gn:
files
latest
v20191015

/badc/cmip6/data/CMIP6/CMIP/MPI-M/MPI-ESM1-2-HR/historical/r1i1p1f1/Omon/tauuo/gn:
files
latest
v20190710

/badc/cmip6/data/CMIP6/CMIP/MPI-M/MPI-ESM1-2-LR/historical/r1i1p1f1/Omon/tauuo/gn:
files
latest
v20190710

/badc/cmip6/data/CMIP6/CMIP/MRI/MRI-ESM2-0/historical/r1i1p1f1/Omon/tauuo/gn:
files
latest
v20191205

/badc/cmip6/data/CMIP6/CMIP/NCAR/CESM2-FV2/historical/r1i1p1f1/Omon/tauuo/gn:
files
latest
v20191120

/badc/cmip6/data/CMIP6/CMIP/NCAR/CESM2-FV2/historical/r1i1p1f1/Omon/tauuo/gr:
files
latest
v20191120

/badc/cmip6/data/CMIP6/CMIP/NCAR/CESM2/historical/r10i1p1f1/Omon/tauuo/gn:
files
latest
v20190313

/badc/cmip6/data/CMIP6/CMIP/NCAR/CESM2/historical/r10i1p1f1/Omon/tauuo/gr:
files
latest
v20190313

/badc/cmip6/data/CMIP6/CMIP/NCAR/CESM2/historical/r1i1p1f1/Omon/tauuo/gn:
files
latest
v20190308

/badc/cmip6/data/CMIP6/CMIP/NCAR/CESM2/historical/r1i1p1f1/Omon/tauuo/gr:
files
latest
v20190308

/badc/cmip6/data/CMIP6/CMIP/NCAR/CESM2/historical/r2i1p1f1/Omon/tauuo/gn:
files
latest
v20190308

/badc/cmip6/data/CMIP6/CMIP/NCAR/CESM2/historical/r2i1p1f1/Omon/tauuo/gr:
files
latest
v20190308

/badc/cmip6/data/CMIP6/CMIP/NCAR/CESM2/historical/r3i1p1f1/Omon/tauuo/gn:
files
latest
v20190308

/badc/cmip6/data/CMIP6/CMIP/NCAR/CESM2/historical/r3i1p1f1/Omon/tauuo/gr:
files
latest
v20190308

/badc/cmip6/data/CMIP6/CMIP/NCAR/CESM2/historical/r4i1p1f1/Omon/tauuo/gn:
files
latest
v20190308

/badc/cmip6/data/CMIP6/CMIP/NCAR/CESM2/historical/r4i1p1f1/Omon/tauuo/gr:
files
latest
v20190308

/badc/cmip6/data/CMIP6/CMIP/NCAR/CESM2/historical/r5i1p1f1/Omon/tauuo/gr:
files
latest
v20190308

/badc/cmip6/data/CMIP6/CMIP/NCAR/CESM2/historical/r6i1p1f1/Omon/tauuo/gn:
files
latest
v20190308

/badc/cmip6/data/CMIP6/CMIP/NCAR/CESM2/historical/r6i1p1f1/Omon/tauuo/gr:
files
latest
v20190308

/badc/cmip6/data/CMIP6/CMIP/NCAR/CESM2/historical/r7i1p1f1/Omon/tauuo/gn:
files
latest
v20190311

/badc/cmip6/data/CMIP6/CMIP/NCAR/CESM2/historical/r7i1p1f1/Omon/tauuo/gr:
files
latest
v20190311

/badc/cmip6/data/CMIP6/CMIP/NCAR/CESM2/historical/r8i1p1f1/Omon/tauuo/gn:
files
latest
v20190311

/badc/cmip6/data/CMIP6/CMIP/NCAR/CESM2/historical/r8i1p1f1/Omon/tauuo/gr:
files
latest
v20190311

/badc/cmip6/data/CMIP6/CMIP/NCAR/CESM2/historical/r9i1p1f1/Omon/tauuo/gn:
files
latest
v20190311

/badc/cmip6/data/CMIP6/CMIP/NCAR/CESM2/historical/r9i1p1f1/Omon/tauuo/gr:
files
latest
v20190311

/badc/cmip6/data/CMIP6/CMIP/NCAR/CESM2-WACCM-FV2/historical/r1i1p1f1/Omon/tauuo/gn:
files
latest
v20191120

/badc/cmip6/data/CMIP6/CMIP/NCAR/CESM2-WACCM-FV2/historical/r1i1p1f1/Omon/tauuo/gr:
files
latest
v20191120

/badc/cmip6/data/CMIP6/CMIP/NCAR/CESM2-WACCM/historical/r1i1p1f1/Omon/tauuo/gn:
files
latest
v20190808

/badc/cmip6/data/CMIP6/CMIP/NCAR/CESM2-WACCM/historical/r1i1p1f1/Omon/tauuo/gr:
files
latest
v20190808

/badc/cmip6/data/CMIP6/CMIP/NCC/NorCPM1/historical/r1i1p1f1/Omon/tauuo/gn:
files
latest
v20190914

/badc/cmip6/data/CMIP6/CMIP/NCC/NorESM2-LM/historical/r1i1p1f1/Omon/tauuo/gn:
files
latest
v20190815

/badc/cmip6/data/CMIP6/CMIP/NCC/NorESM2-MM/historical/r1i1p1f1/Omon/tauuo/gn:
files
latest
v20191108

/badc/cmip6/data/CMIP6/CMIP/NIMS-KMA/KACE-1-0-G/historical/r1i1p1f1/Omon/tauuo/gr:
files
latest
v20200130

/badc/cmip6/data/CMIP6/CMIP/NOAA-GFDL/GFDL-CM4/historical/r1i1p1f1/Omon/tauuo/gn:
files
latest
v20180701

/badc/cmip6/data/CMIP6/CMIP/NOAA-GFDL/GFDL-ESM4/historical/r1i1p1f1/Omon/tauuo/gn:
files
latest
v20190726

/badc/cmip6/data/CMIP6/CMIP/NUIST/NESM3/historical/r1i1p1f1/Omon/tauuo/gn:
files
latest
v20190703

/badc/cmip6/data/CMIP6/CMIP/SNU/SAM0-UNICON/historical/r1i1p1f1/Omon/tauuo/gn:
files
latest
v20190323

/badc/cmip6/data/CMIP6/CMIP/THU/CIESM/historical/r1i1p1f1/Omon/tauuo/gn:
files
latest
v20200220

/badc/cmip6/data/CMIP6/CMIP/UA/MCM-UA-1-0/historical/r1i1p1f1/Omon/tauuo/gn:
files
latest
v20190731
