/badc/cmip6/data/CMIP6/ScenarioMIP/AWI/AWI-CM-1-1-MR/ssp126/r1i1p1f1/Omon/thetao/gn:
files
latest
v20181218

/badc/cmip6/data/CMIP6/ScenarioMIP/BCC/BCC-CSM2-MR/ssp126/r1i1p1f1/Omon/thetao/gn:
files
latest
v20190319

/badc/cmip6/data/CMIP6/ScenarioMIP/CAMS/CAMS-CSM1-0/ssp126/r1i1p1f1/Omon/thetao/gn:
files
latest
v20190708

/badc/cmip6/data/CMIP6/ScenarioMIP/CAMS/CAMS-CSM1-0/ssp126/r2i1p1f1/Omon/thetao/gn:
files
latest
v20190924

/badc/cmip6/data/CMIP6/ScenarioMIP/CAS/FGOALS-f3-L/ssp126/r1i1p1f1/Omon/thetao/gn:
files
latest
v20191012

/badc/cmip6/data/CMIP6/ScenarioMIP/CAS/FGOALS-f3-L/ssp126/r2i1p1f1/Omon/thetao/gn:
files
latest
v20200219

/badc/cmip6/data/CMIP6/ScenarioMIP/CAS/FGOALS-f3-L/ssp126/r3i1p1f1/Omon/thetao/gn:
files
latest
v20200219

/badc/cmip6/data/CMIP6/ScenarioMIP/CAS/FGOALS-g3/ssp126/r1i1p1f1/Omon/thetao/gn:
files
latest
v20200101

/badc/cmip6/data/CMIP6/ScenarioMIP/CAS/FGOALS-g3/ssp126/r2i1p1f1/Omon/thetao/gn:
files
latest
v20200101

/badc/cmip6/data/CMIP6/ScenarioMIP/CAS/FGOALS-g3/ssp126/r3i1p1f1/Omon/thetao/gn:
files
latest
v20200101

/badc/cmip6/data/CMIP6/ScenarioMIP/CCCma/CanESM5/ssp126/r10i1p1f1/Omon/thetao/gn:
files
latest
v20190429

/badc/cmip6/data/CMIP6/ScenarioMIP/CCCma/CanESM5/ssp126/r10i1p2f1/Omon/thetao/gn:
files
latest
v20190429

/badc/cmip6/data/CMIP6/ScenarioMIP/CCCma/CanESM5/ssp126/r1i1p1f1/Omon/thetao/gn:
files
latest
v20190429

/badc/cmip6/data/CMIP6/ScenarioMIP/CCCma/CanESM5/ssp126/r1i1p2f1/Omon/thetao/gn:
files
latest
v20190429

/badc/cmip6/data/CMIP6/ScenarioMIP/CCCma/CanESM5/ssp126/r2i1p1f1/Omon/thetao/gn:
files
latest
v20190429

/badc/cmip6/data/CMIP6/ScenarioMIP/CCCma/CanESM5/ssp126/r2i1p2f1/Omon/thetao/gn:
files
latest
v20190429

/badc/cmip6/data/CMIP6/ScenarioMIP/CCCma/CanESM5/ssp126/r3i1p1f1/Omon/thetao/gn:
files
latest
v20190429

/badc/cmip6/data/CMIP6/ScenarioMIP/CCCma/CanESM5/ssp126/r3i1p2f1/Omon/thetao/gn:
files
latest
v20190429

/badc/cmip6/data/CMIP6/ScenarioMIP/CCCma/CanESM5/ssp126/r4i1p1f1/Omon/thetao/gn:
files
latest
v20190429

/badc/cmip6/data/CMIP6/ScenarioMIP/CCCma/CanESM5/ssp126/r4i1p2f1/Omon/thetao/gn:
files
latest
v20190429

/badc/cmip6/data/CMIP6/ScenarioMIP/CCCma/CanESM5/ssp126/r5i1p1f1/Omon/thetao/gn:
files
latest
v20190429

/badc/cmip6/data/CMIP6/ScenarioMIP/CCCma/CanESM5/ssp126/r5i1p2f1/Omon/thetao/gn:
files
latest
v20190429

/badc/cmip6/data/CMIP6/ScenarioMIP/CCCma/CanESM5/ssp126/r6i1p1f1/Omon/thetao/gn:
files
latest
v20190429

/badc/cmip6/data/CMIP6/ScenarioMIP/CCCma/CanESM5/ssp126/r6i1p2f1/Omon/thetao/gn:
files
latest
v20190429

/badc/cmip6/data/CMIP6/ScenarioMIP/CCCma/CanESM5/ssp126/r7i1p1f1/Omon/thetao/gn:
files
latest
v20190429

/badc/cmip6/data/CMIP6/ScenarioMIP/CCCma/CanESM5/ssp126/r7i1p2f1/Omon/thetao/gn:
files
latest
v20190429

/badc/cmip6/data/CMIP6/ScenarioMIP/CCCma/CanESM5/ssp126/r8i1p1f1/Omon/thetao/gn:
files
latest
v20190429

/badc/cmip6/data/CMIP6/ScenarioMIP/CCCma/CanESM5/ssp126/r8i1p2f1/Omon/thetao/gn:
files
latest
v20190429

/badc/cmip6/data/CMIP6/ScenarioMIP/CCCma/CanESM5/ssp126/r9i1p1f1/Omon/thetao/gn:
files
latest
v20190429

/badc/cmip6/data/CMIP6/ScenarioMIP/CCCma/CanESM5/ssp126/r9i1p2f1/Omon/thetao/gn:
files
latest
v20190429

/badc/cmip6/data/CMIP6/ScenarioMIP/CMCC/CMCC-CM2-SR5/ssp126/r1i1p1f1/Omon/thetao/gn:
files
latest
v20200717

/badc/cmip6/data/CMIP6/ScenarioMIP/CNRM-CERFACS/CNRM-CM6-1/ssp126/r1i1p1f2/Omon/thetao/gn:
files
latest
v20190219

/badc/cmip6/data/CMIP6/ScenarioMIP/CNRM-CERFACS/CNRM-CM6-1/ssp126/r2i1p1f2/Omon/thetao/gn:
files
latest
v20190410

/badc/cmip6/data/CMIP6/ScenarioMIP/CNRM-CERFACS/CNRM-CM6-1/ssp126/r3i1p1f2/Omon/thetao/gn:
files
latest
v20190410

/badc/cmip6/data/CMIP6/ScenarioMIP/CNRM-CERFACS/CNRM-CM6-1/ssp126/r4i1p1f2/Omon/thetao/gn:
files
latest
v20190410

/badc/cmip6/data/CMIP6/ScenarioMIP/CNRM-CERFACS/CNRM-CM6-1/ssp126/r5i1p1f2/Omon/thetao/gn:
files
latest
v20190410

/badc/cmip6/data/CMIP6/ScenarioMIP/CNRM-CERFACS/CNRM-CM6-1/ssp126/r6i1p1f2/Omon/thetao/gn:
files
latest
v20190410

/badc/cmip6/data/CMIP6/ScenarioMIP/CNRM-CERFACS/CNRM-ESM2-1/ssp126/r1i1p1f2/Omon/thetao/gn:
files
latest
v20190328

/badc/cmip6/data/CMIP6/ScenarioMIP/CNRM-CERFACS/CNRM-ESM2-1/ssp126/r4i1p1f2/Omon/thetao/gn:
files
latest
v20190410

/badc/cmip6/data/CMIP6/ScenarioMIP/CNRM-CERFACS/CNRM-ESM2-1/ssp126/r5i1p1f2/Omon/thetao/gn:
files
latest
v20190410

/badc/cmip6/data/CMIP6/ScenarioMIP/CSIRO/ACCESS-ESM1-5/ssp126/r1i1p1f1/Omon/thetao/gn:
files
latest
v20191115

/badc/cmip6/data/CMIP6/ScenarioMIP/CSIRO/ACCESS-ESM1-5/ssp126/r2i1p1f1/Omon/thetao/gn:
files
latest
v20191129

/badc/cmip6/data/CMIP6/ScenarioMIP/CSIRO/ACCESS-ESM1-5/ssp126/r3i1p1f1/Omon/thetao/gn:
files
latest
v20191201

/badc/cmip6/data/CMIP6/ScenarioMIP/CSIRO-ARCCSS/ACCESS-CM2/ssp126/r1i1p1f1/Omon/thetao/gn:
files
latest
v20191108

/badc/cmip6/data/CMIP6/ScenarioMIP/CSIRO-ARCCSS/ACCESS-CM2/ssp126/r2i1p1f1/Omon/thetao/gn:
files
latest
v20200303

/badc/cmip6/data/CMIP6/ScenarioMIP/CSIRO-ARCCSS/ACCESS-CM2/ssp126/r3i1p1f1/Omon/thetao/gn:
files
latest
v20200428

/badc/cmip6/data/CMIP6/ScenarioMIP/DKRZ/MPI-ESM1-2-HR/ssp126/r1i1p1f1/Omon/thetao/gn:
files
latest
v20190710

/badc/cmip6/data/CMIP6/ScenarioMIP/DWD/MPI-ESM1-2-HR/ssp126/r2i1p1f1/Omon/thetao/gn:
files
latest
v20190710

/badc/cmip6/data/CMIP6/ScenarioMIP/EC-Earth-Consortium/EC-Earth3/ssp126/r1i1p1f1/Omon/thetao/gn:
files
latest
v20200310
v20200918

/badc/cmip6/data/CMIP6/ScenarioMIP/EC-Earth-Consortium/EC-Earth3-Veg/ssp126/r1i1p1f1/Omon/thetao/gn:
files
latest
v20200225
v20200919

/badc/cmip6/data/CMIP6/ScenarioMIP/FIO-QLNM/FIO-ESM-2-0/ssp126/r1i1p1f1/Omon/thetao/gn:
files
latest
v20200110

/badc/cmip6/data/CMIP6/ScenarioMIP/FIO-QLNM/FIO-ESM-2-0/ssp126/r2i1p1f1/Omon/thetao/gn:
files
latest
v20200109

/badc/cmip6/data/CMIP6/ScenarioMIP/FIO-QLNM/FIO-ESM-2-0/ssp126/r3i1p1f1/Omon/thetao/gn:
files
latest
v20200114

/badc/cmip6/data/CMIP6/ScenarioMIP/INM/INM-CM4-8/ssp126/r1i1p1f1/Omon/thetao/gr1:
files
latest
v20190603

/badc/cmip6/data/CMIP6/ScenarioMIP/INM/INM-CM5-0/ssp126/r1i1p1f1/Omon/thetao/gr1:
files
latest
v20190619

/badc/cmip6/data/CMIP6/ScenarioMIP/IPSL/IPSL-CM6A-LR/ssp126/r1i1p1f1/Omon/thetao/gn:
files
latest
v20190121
v20190903

/badc/cmip6/data/CMIP6/ScenarioMIP/IPSL/IPSL-CM6A-LR/ssp126/r2i1p1f1/Omon/thetao/gn:
files
latest
v20190410

/badc/cmip6/data/CMIP6/ScenarioMIP/IPSL/IPSL-CM6A-LR/ssp126/r3i1p1f1/Omon/thetao/gn:
files
latest
v20190410

/badc/cmip6/data/CMIP6/ScenarioMIP/MIROC/MIROC6/ssp126/r1i1p1f1/Omon/thetao/gn:
files
latest
v20190627

/badc/cmip6/data/CMIP6/ScenarioMIP/MIROC/MIROC6/ssp126/r2i1p1f1/Omon/thetao/gn:
files
latest
v20190627

/badc/cmip6/data/CMIP6/ScenarioMIP/MIROC/MIROC6/ssp126/r3i1p1f1/Omon/thetao/gn:
files
latest
v20190627

/badc/cmip6/data/CMIP6/ScenarioMIP/MIROC/MIROC-ES2L/ssp126/r1i1p1f2/Omon/thetao/gn:
files
latest
v20190823

/badc/cmip6/data/CMIP6/ScenarioMIP/MOHC/HadGEM3-GC31-LL/ssp126/r1i1p1f3/Omon/thetao/gn:
files
latest
v20200114

/badc/cmip6/data/CMIP6/ScenarioMIP/MOHC/HadGEM3-GC31-MM/ssp126/r1i1p1f3/Omon/thetao/gn:
files
latest
v20200515

/badc/cmip6/data/CMIP6/ScenarioMIP/MOHC/UKESM1-0-LL/ssp126/r10i1p1f2/Omon/thetao/gn:
files
latest
v20200706

/badc/cmip6/data/CMIP6/ScenarioMIP/MOHC/UKESM1-0-LL/ssp126/r11i1p1f2/Omon/thetao/gn:
files
latest
v20200710

/badc/cmip6/data/CMIP6/ScenarioMIP/MOHC/UKESM1-0-LL/ssp126/r12i1p1f2/Omon/thetao/gn:
files
latest
v20200710

/badc/cmip6/data/CMIP6/ScenarioMIP/MOHC/UKESM1-0-LL/ssp126/r16i1p1f2/Omon/thetao/gn:
files
latest
v20200710

/badc/cmip6/data/CMIP6/ScenarioMIP/MOHC/UKESM1-0-LL/ssp126/r17i1p1f2/Omon/thetao/gn:
files
latest
v20200710

/badc/cmip6/data/CMIP6/ScenarioMIP/MOHC/UKESM1-0-LL/ssp126/r18i1p1f2/Omon/thetao/gn:
files
latest
v20200716

/badc/cmip6/data/CMIP6/ScenarioMIP/MOHC/UKESM1-0-LL/ssp126/r19i1p1f2/Omon/thetao/gn:
files
latest
v20200716

/badc/cmip6/data/CMIP6/ScenarioMIP/MOHC/UKESM1-0-LL/ssp126/r1i1p1f2/Omon/thetao/gn:
files
latest
v20190708

/badc/cmip6/data/CMIP6/ScenarioMIP/MOHC/UKESM1-0-LL/ssp126/r2i1p1f2/Omon/thetao/gn:
files
latest
v20190801

/badc/cmip6/data/CMIP6/ScenarioMIP/MOHC/UKESM1-0-LL/ssp126/r3i1p1f2/Omon/thetao/gn:
files
latest
v20191105

/badc/cmip6/data/CMIP6/ScenarioMIP/MOHC/UKESM1-0-LL/ssp126/r4i1p1f2/Omon/thetao/gn:
files
latest
v20190815

/badc/cmip6/data/CMIP6/ScenarioMIP/MOHC/UKESM1-0-LL/ssp126/r6i1p1f2/Omon/thetao/gn:
files
latest
v20201009

/badc/cmip6/data/CMIP6/ScenarioMIP/MOHC/UKESM1-0-LL/ssp126/r8i1p1f2/Omon/thetao/gn:
files
latest
v20190801

/badc/cmip6/data/CMIP6/ScenarioMIP/MOHC/UKESM1-0-LL/ssp126/r9i1p1f2/Omon/thetao/gn:
files
latest
v20200708

/badc/cmip6/data/CMIP6/ScenarioMIP/MPI-M/MPI-ESM1-2-LR/ssp126/r1i1p1f1/Omon/thetao/gn:
files
latest
v20190710

/badc/cmip6/data/CMIP6/ScenarioMIP/MPI-M/MPI-ESM1-2-LR/ssp126/r2i1p1f1/Omon/thetao/gn:
files
latest
v20190710

/badc/cmip6/data/CMIP6/ScenarioMIP/MPI-M/MPI-ESM1-2-LR/ssp126/r3i1p1f1/Omon/thetao/gn:
files
latest
v20190710

/badc/cmip6/data/CMIP6/ScenarioMIP/MRI/MRI-ESM2-0/ssp126/r1i1p1f1/Omon/thetao/gn:
files
latest
v20200222

/badc/cmip6/data/CMIP6/ScenarioMIP/MRI/MRI-ESM2-0/ssp126/r1i1p1f1/Omon/thetao/gr:
files
latest
v20200222

/badc/cmip6/data/CMIP6/ScenarioMIP/NCAR/CESM2-WACCM/ssp126/r1i1p1f1/Omon/thetao/gn:
files
latest
v20190815

/badc/cmip6/data/CMIP6/ScenarioMIP/NCAR/CESM2-WACCM/ssp126/r1i1p1f1/Omon/thetao/gr:
files
latest
v20190815

/badc/cmip6/data/CMIP6/ScenarioMIP/NCC/NorESM2-LM/ssp126/r1i1p1f1/Omon/thetao/gn:
files
latest
v20191108

/badc/cmip6/data/CMIP6/ScenarioMIP/NCC/NorESM2-LM/ssp126/r1i1p1f1/Omon/thetao/gr:
files
latest
v20191108

/badc/cmip6/data/CMIP6/ScenarioMIP/NCC/NorESM2-MM/ssp126/r1i1p1f1/Omon/thetao/gn:
files
latest
v20191108

/badc/cmip6/data/CMIP6/ScenarioMIP/NCC/NorESM2-MM/ssp126/r1i1p1f1/Omon/thetao/gr:
files
latest
v20191108

/badc/cmip6/data/CMIP6/ScenarioMIP/NOAA-GFDL/GFDL-ESM4/ssp126/r1i1p1f1/Omon/thetao/gn:
files
latest
v20180701

/badc/cmip6/data/CMIP6/ScenarioMIP/NOAA-GFDL/GFDL-ESM4/ssp126/r1i1p1f1/Omon/thetao/gr:
files
latest
v20180701

/badc/cmip6/data/CMIP6/ScenarioMIP/NUIST/NESM3/ssp126/r1i1p1f1/Omon/thetao/gn:
files
latest
v20190731

/badc/cmip6/data/CMIP6/ScenarioMIP/THU/CIESM/ssp126/r1i1p1f1/Omon/thetao/gn:
files
latest
v20200220
