/badc/cmip6/data/CMIP6/ScenarioMIP/AS-RCEC/TaiESM1/ssp370/r1i1p1f1/Omon/thetao/gn:
files
latest
v20201014

/badc/cmip6/data/CMIP6/ScenarioMIP/AWI/AWI-CM-1-1-MR/ssp370/r1i1p1f1/Omon/thetao/gn:
files
latest
v20181218

/badc/cmip6/data/CMIP6/ScenarioMIP/AWI/AWI-CM-1-1-MR/ssp370/r2i1p1f1/Omon/thetao/gn:
files
latest
v20181218

/badc/cmip6/data/CMIP6/ScenarioMIP/AWI/AWI-CM-1-1-MR/ssp370/r3i1p1f1/Omon/thetao/gn:
files
latest
v20181218

/badc/cmip6/data/CMIP6/ScenarioMIP/BCC/BCC-CSM2-MR/ssp370/r1i1p1f1/Omon/thetao/gn:
files
latest
v20190319

/badc/cmip6/data/CMIP6/ScenarioMIP/CAMS/CAMS-CSM1-0/ssp370/r1i1p1f1/Omon/thetao/gn:
files
latest
v20190708

/badc/cmip6/data/CMIP6/ScenarioMIP/CAMS/CAMS-CSM1-0/ssp370/r2i1p1f1/Omon/thetao/gn:
files
latest
v20190924

/badc/cmip6/data/CMIP6/ScenarioMIP/CAS/FGOALS-g3/ssp370/r1i1p1f1/Omon/thetao/gn:
files
latest
v20191231

/badc/cmip6/data/CMIP6/ScenarioMIP/CAS/FGOALS-g3/ssp370/r2i1p1f1/Omon/thetao/gn:
files
latest
v20191231

/badc/cmip6/data/CMIP6/ScenarioMIP/CAS/FGOALS-g3/ssp370/r3i1p1f1/Omon/thetao/gn:
files
latest
v20191231

/badc/cmip6/data/CMIP6/ScenarioMIP/CCCma/CanESM5/ssp370/r10i1p1f1/Omon/thetao/gn:
files
latest
v20190429

/badc/cmip6/data/CMIP6/ScenarioMIP/CCCma/CanESM5/ssp370/r10i1p2f1/Omon/thetao/gn:
files
latest
v20190429

/badc/cmip6/data/CMIP6/ScenarioMIP/CCCma/CanESM5/ssp370/r1i1p1f1/Omon/thetao/gn:
files
latest
v20190429

/badc/cmip6/data/CMIP6/ScenarioMIP/CCCma/CanESM5/ssp370/r1i1p2f1/Omon/thetao/gn:
files
latest
v20190429

/badc/cmip6/data/CMIP6/ScenarioMIP/CCCma/CanESM5/ssp370/r2i1p1f1/Omon/thetao/gn:
files
latest
v20190429

/badc/cmip6/data/CMIP6/ScenarioMIP/CCCma/CanESM5/ssp370/r2i1p2f1/Omon/thetao/gn:
files
latest
v20190429

/badc/cmip6/data/CMIP6/ScenarioMIP/CCCma/CanESM5/ssp370/r3i1p1f1/Omon/thetao/gn:
files
latest
v20190429

/badc/cmip6/data/CMIP6/ScenarioMIP/CCCma/CanESM5/ssp370/r3i1p2f1/Omon/thetao/gn:
files
latest
v20190429

/badc/cmip6/data/CMIP6/ScenarioMIP/CCCma/CanESM5/ssp370/r4i1p1f1/Omon/thetao/gn:
files
latest
v20190429

/badc/cmip6/data/CMIP6/ScenarioMIP/CCCma/CanESM5/ssp370/r4i1p2f1/Omon/thetao/gn:
files
latest
v20190429

/badc/cmip6/data/CMIP6/ScenarioMIP/CCCma/CanESM5/ssp370/r5i1p1f1/Omon/thetao/gn:
files
latest
v20190429

/badc/cmip6/data/CMIP6/ScenarioMIP/CCCma/CanESM5/ssp370/r5i1p2f1/Omon/thetao/gn:
files
latest
v20190429

/badc/cmip6/data/CMIP6/ScenarioMIP/CCCma/CanESM5/ssp370/r6i1p1f1/Omon/thetao/gn:
files
latest
v20190429

/badc/cmip6/data/CMIP6/ScenarioMIP/CCCma/CanESM5/ssp370/r6i1p2f1/Omon/thetao/gn:
files
latest
v20190429

/badc/cmip6/data/CMIP6/ScenarioMIP/CCCma/CanESM5/ssp370/r7i1p1f1/Omon/thetao/gn:
files
latest
v20190429

/badc/cmip6/data/CMIP6/ScenarioMIP/CCCma/CanESM5/ssp370/r7i1p2f1/Omon/thetao/gn:
files
latest
v20190429

/badc/cmip6/data/CMIP6/ScenarioMIP/CCCma/CanESM5/ssp370/r8i1p1f1/Omon/thetao/gn:
files
latest
v20190429

/badc/cmip6/data/CMIP6/ScenarioMIP/CCCma/CanESM5/ssp370/r8i1p2f1/Omon/thetao/gn:
files
latest
v20190429

/badc/cmip6/data/CMIP6/ScenarioMIP/CCCma/CanESM5/ssp370/r9i1p1f1/Omon/thetao/gn:
files
latest
v20190429

/badc/cmip6/data/CMIP6/ScenarioMIP/CCCma/CanESM5/ssp370/r9i1p2f1/Omon/thetao/gn:
files
latest
v20190429

/badc/cmip6/data/CMIP6/ScenarioMIP/CMCC/CMCC-CM2-SR5/ssp370/r1i1p1f1/Omon/thetao/gn:
files
latest
v20200622

/badc/cmip6/data/CMIP6/ScenarioMIP/CNRM-CERFACS/CNRM-CM6-1/ssp370/r1i1p1f2/Omon/thetao/gn:
files
latest
v20190219

/badc/cmip6/data/CMIP6/ScenarioMIP/CNRM-CERFACS/CNRM-CM6-1/ssp370/r2i1p1f2/Omon/thetao/gn:
files
latest
v20190410

/badc/cmip6/data/CMIP6/ScenarioMIP/CNRM-CERFACS/CNRM-CM6-1/ssp370/r3i1p1f2/Omon/thetao/gn:
files
latest
v20190410

/badc/cmip6/data/CMIP6/ScenarioMIP/CNRM-CERFACS/CNRM-CM6-1/ssp370/r4i1p1f2/Omon/thetao/gn:
files
latest
v20190410

/badc/cmip6/data/CMIP6/ScenarioMIP/CNRM-CERFACS/CNRM-CM6-1/ssp370/r5i1p1f2/Omon/thetao/gn:
files
latest
v20190410

/badc/cmip6/data/CMIP6/ScenarioMIP/CNRM-CERFACS/CNRM-CM6-1/ssp370/r6i1p1f2/Omon/thetao/gn:
files
latest
v20190410

/badc/cmip6/data/CMIP6/ScenarioMIP/CNRM-CERFACS/CNRM-ESM2-1/ssp370/r2i1p1f2/Omon/thetao/gn:
files
latest
v20190410

/badc/cmip6/data/CMIP6/ScenarioMIP/CNRM-CERFACS/CNRM-ESM2-1/ssp370/r3i1p1f2/Omon/thetao/gn:
files
latest
v20190410

/badc/cmip6/data/CMIP6/ScenarioMIP/CNRM-CERFACS/CNRM-ESM2-1/ssp370/r4i1p1f2/Omon/thetao/gn:
files
latest
v20190410

/badc/cmip6/data/CMIP6/ScenarioMIP/CNRM-CERFACS/CNRM-ESM2-1/ssp370/r5i1p1f2/Omon/thetao/gn:
files
latest
v20190410

/badc/cmip6/data/CMIP6/ScenarioMIP/CSIRO/ACCESS-ESM1-5/ssp370/r1i1p1f1/Omon/thetao/gn:
files
latest
v20191115

/badc/cmip6/data/CMIP6/ScenarioMIP/CSIRO/ACCESS-ESM1-5/ssp370/r2i1p1f1/Omon/thetao/gn:
files
latest
v20191129

/badc/cmip6/data/CMIP6/ScenarioMIP/CSIRO/ACCESS-ESM1-5/ssp370/r3i1p1f1/Omon/thetao/gn:
files
latest
v20191203

/badc/cmip6/data/CMIP6/ScenarioMIP/CSIRO-ARCCSS/ACCESS-CM2/ssp370/r1i1p1f1/Omon/thetao/gn:
files
latest
v20191108

/badc/cmip6/data/CMIP6/ScenarioMIP/CSIRO-ARCCSS/ACCESS-CM2/ssp370/r2i1p1f1/Omon/thetao/gn:
files
latest
v20200303

/badc/cmip6/data/CMIP6/ScenarioMIP/CSIRO-ARCCSS/ACCESS-CM2/ssp370/r3i1p1f1/Omon/thetao/gn:
files
latest
v20200428

/badc/cmip6/data/CMIP6/ScenarioMIP/DKRZ/MPI-ESM1-2-HR/ssp370/r1i1p1f1/Omon/thetao/gn:
files
latest
v20190710

/badc/cmip6/data/CMIP6/ScenarioMIP/DKRZ/MPI-ESM1-2-HR/ssp370/r2i1p1f1/Omon/thetao/gn:
files
latest
v20190710

/badc/cmip6/data/CMIP6/ScenarioMIP/DKRZ/MPI-ESM1-2-HR/ssp370/r3i1p1f1/Omon/thetao/gn:
files
latest
v20190710

/badc/cmip6/data/CMIP6/ScenarioMIP/EC-Earth-Consortium/EC-Earth3-AerChem/ssp370/r1i1p1f1/Omon/thetao/gn:
files
latest
v20200827

/badc/cmip6/data/CMIP6/ScenarioMIP/EC-Earth-Consortium/EC-Earth3/ssp370/r1i1p1f1/Omon/thetao/gn:
files
latest
v20200918

/badc/cmip6/data/CMIP6/ScenarioMIP/EC-Earth-Consortium/EC-Earth3-Veg-LR/ssp370/r1i1p1f1/Omon/thetao/gn:
files
latest
v20201123

/badc/cmip6/data/CMIP6/ScenarioMIP/EC-Earth-Consortium/EC-Earth3-Veg/ssp370/r1i1p1f1/Omon/thetao/gn:
files
latest
v20200225
v20200919

/badc/cmip6/data/CMIP6/ScenarioMIP/HAMMOZ-Consortium/MPI-ESM-1-2-HAM/ssp370/r1i1p1f1/Omon/thetao/gn:
files
latest
v20190627
v20190628

/badc/cmip6/data/CMIP6/ScenarioMIP/HAMMOZ-Consortium/MPI-ESM-1-2-HAM/ssp370/r2i1p1f1/Omon/thetao/gn:
files
latest
v20190628

/badc/cmip6/data/CMIP6/ScenarioMIP/INM/INM-CM4-8/ssp370/r1i1p1f1/Omon/thetao/gr1:
files
latest
v20190603

/badc/cmip6/data/CMIP6/ScenarioMIP/INM/INM-CM5-0/ssp370/r1i1p1f1/Omon/thetao/gr1:
files
latest
v20190618

/badc/cmip6/data/CMIP6/ScenarioMIP/INM/INM-CM5-0/ssp370/r2i1p1f1/Omon/thetao/gr1:
files
latest
v20190712

/badc/cmip6/data/CMIP6/ScenarioMIP/INM/INM-CM5-0/ssp370/r3i1p1f1/Omon/thetao/gr1:
files
latest
v20190715

/badc/cmip6/data/CMIP6/ScenarioMIP/IPSL/IPSL-CM6A-LR/ssp370/r10i1p1f1/Omon/thetao/gn:
files
latest
v20190119

/badc/cmip6/data/CMIP6/ScenarioMIP/IPSL/IPSL-CM6A-LR/ssp370/r1i1p1f1/Omon/thetao/gn:
files
latest
v20190119

/badc/cmip6/data/CMIP6/ScenarioMIP/IPSL/IPSL-CM6A-LR/ssp370/r2i1p1f1/Omon/thetao/gn:
files
latest
v20190119

/badc/cmip6/data/CMIP6/ScenarioMIP/IPSL/IPSL-CM6A-LR/ssp370/r3i1p1f1/Omon/thetao/gn:
files
latest
v20190119

/badc/cmip6/data/CMIP6/ScenarioMIP/IPSL/IPSL-CM6A-LR/ssp370/r4i1p1f1/Omon/thetao/gn:
files
latest
v20190119

/badc/cmip6/data/CMIP6/ScenarioMIP/IPSL/IPSL-CM6A-LR/ssp370/r5i1p1f1/Omon/thetao/gn:
files
latest
v20190119

/badc/cmip6/data/CMIP6/ScenarioMIP/IPSL/IPSL-CM6A-LR/ssp370/r6i1p1f1/Omon/thetao/gn:
files
latest
v20190119

/badc/cmip6/data/CMIP6/ScenarioMIP/IPSL/IPSL-CM6A-LR/ssp370/r7i1p1f1/Omon/thetao/gn:
files
latest
v20190119

/badc/cmip6/data/CMIP6/ScenarioMIP/IPSL/IPSL-CM6A-LR/ssp370/r8i1p1f1/Omon/thetao/gn:
files
latest
v20190119

/badc/cmip6/data/CMIP6/ScenarioMIP/IPSL/IPSL-CM6A-LR/ssp370/r9i1p1f1/Omon/thetao/gn:
files
latest
v20190119

/badc/cmip6/data/CMIP6/ScenarioMIP/MIROC/MIROC6/ssp370/r1i1p1f1/Omon/thetao/gn:
files
latest
v20190627

/badc/cmip6/data/CMIP6/ScenarioMIP/MIROC/MIROC6/ssp370/r2i1p1f1/Omon/thetao/gn:
files
latest
v20190627

/badc/cmip6/data/CMIP6/ScenarioMIP/MIROC/MIROC6/ssp370/r3i1p1f1/Omon/thetao/gn:
files
latest
v20190627

/badc/cmip6/data/CMIP6/ScenarioMIP/MIROC/MIROC-ES2L/ssp370/r1i1p1f2/Omon/thetao/gn:
files
latest
v20190823

/badc/cmip6/data/CMIP6/ScenarioMIP/MOHC/UKESM1-0-LL/ssp370/r10i1p1f2/Omon/thetao/gn:
files
latest
v20200603

/badc/cmip6/data/CMIP6/ScenarioMIP/MOHC/UKESM1-0-LL/ssp370/r11i1p1f2/Omon/thetao/gn:
files
latest
v20200603

/badc/cmip6/data/CMIP6/ScenarioMIP/MOHC/UKESM1-0-LL/ssp370/r12i1p1f2/Omon/thetao/gn:
files
latest
v20200604

/badc/cmip6/data/CMIP6/ScenarioMIP/MOHC/UKESM1-0-LL/ssp370/r16i1p1f2/Omon/thetao/gn:
files
latest
v20200608

/badc/cmip6/data/CMIP6/ScenarioMIP/MOHC/UKESM1-0-LL/ssp370/r17i1p1f2/Omon/thetao/gn:
files
latest
v20200605

/badc/cmip6/data/CMIP6/ScenarioMIP/MOHC/UKESM1-0-LL/ssp370/r18i1p1f2/Omon/thetao/gn:
files
latest
v20200605

/badc/cmip6/data/CMIP6/ScenarioMIP/MOHC/UKESM1-0-LL/ssp370/r19i1p1f2/Omon/thetao/gn:
files
latest
v20200605

/badc/cmip6/data/CMIP6/ScenarioMIP/MOHC/UKESM1-0-LL/ssp370/r1i1p1f2/Omon/thetao/gn:
files
latest
v20190510

/badc/cmip6/data/CMIP6/ScenarioMIP/MOHC/UKESM1-0-LL/ssp370/r2i1p1f2/Omon/thetao/gn:
files
latest
v20190510

/badc/cmip6/data/CMIP6/ScenarioMIP/MOHC/UKESM1-0-LL/ssp370/r3i1p1f2/Omon/thetao/gn:
files
latest
v20190510

/badc/cmip6/data/CMIP6/ScenarioMIP/MOHC/UKESM1-0-LL/ssp370/r4i1p1f2/Omon/thetao/gn:
files
latest
v20190510

/badc/cmip6/data/CMIP6/ScenarioMIP/MOHC/UKESM1-0-LL/ssp370/r5i1p1f2/Omon/thetao/gn:
files
latest
v20201009

/badc/cmip6/data/CMIP6/ScenarioMIP/MOHC/UKESM1-0-LL/ssp370/r6i1p1f2/Omon/thetao/gn:
files
latest
v20201014

/badc/cmip6/data/CMIP6/ScenarioMIP/MOHC/UKESM1-0-LL/ssp370/r7i1p1f2/Omon/thetao/gn:
files
latest
v20201009

/badc/cmip6/data/CMIP6/ScenarioMIP/MOHC/UKESM1-0-LL/ssp370/r8i1p1f2/Omon/thetao/gn:
files
latest
v20190510

/badc/cmip6/data/CMIP6/ScenarioMIP/MOHC/UKESM1-0-LL/ssp370/r9i1p1f2/Omon/thetao/gn:
files
latest
v20200602

/badc/cmip6/data/CMIP6/ScenarioMIP/MPI-M/MPI-ESM1-2-LR/ssp370/r1i1p1f1/Omon/thetao/gn:
files
latest
v20190710

/badc/cmip6/data/CMIP6/ScenarioMIP/MPI-M/MPI-ESM1-2-LR/ssp370/r2i1p1f1/Omon/thetao/gn:
files
latest
v20190710

/badc/cmip6/data/CMIP6/ScenarioMIP/MPI-M/MPI-ESM1-2-LR/ssp370/r3i1p1f1/Omon/thetao/gn:
files
latest
v20190710

/badc/cmip6/data/CMIP6/ScenarioMIP/MRI/MRI-ESM2-0/ssp370/r1i1p1f1/Omon/thetao/gn:
files
latest
v20200120

/badc/cmip6/data/CMIP6/ScenarioMIP/MRI/MRI-ESM2-0/ssp370/r1i1p1f1/Omon/thetao/gr:
files
latest
v20200120

/badc/cmip6/data/CMIP6/ScenarioMIP/MRI/MRI-ESM2-0/ssp370/r2i1p1f1/Omon/thetao/gn:
files
latest
v20200120

/badc/cmip6/data/CMIP6/ScenarioMIP/MRI/MRI-ESM2-0/ssp370/r2i1p1f1/Omon/thetao/gr:
files
latest
v20200120

/badc/cmip6/data/CMIP6/ScenarioMIP/MRI/MRI-ESM2-0/ssp370/r3i1p1f1/Omon/thetao/gn:
files
latest
v20200120

/badc/cmip6/data/CMIP6/ScenarioMIP/MRI/MRI-ESM2-0/ssp370/r3i1p1f1/Omon/thetao/gr:
files
latest
v20200120

/badc/cmip6/data/CMIP6/ScenarioMIP/NCAR/CESM2-WACCM/ssp370/r1i1p1f1/Omon/thetao/gn:
files
latest
v20190815

/badc/cmip6/data/CMIP6/ScenarioMIP/NCAR/CESM2-WACCM/ssp370/r1i1p1f1/Omon/thetao/gr:
files
latest
v20190815

/badc/cmip6/data/CMIP6/ScenarioMIP/NCAR/CESM2-WACCM/ssp370/r2i1p1f1/Omon/thetao/gn:
files
latest
v20190815

/badc/cmip6/data/CMIP6/ScenarioMIP/NCAR/CESM2-WACCM/ssp370/r2i1p1f1/Omon/thetao/gr:
files
latest
v20190815

/badc/cmip6/data/CMIP6/ScenarioMIP/NCAR/CESM2-WACCM/ssp370/r3i1p1f1/Omon/thetao/gn:
files
latest
v20190815

/badc/cmip6/data/CMIP6/ScenarioMIP/NCAR/CESM2-WACCM/ssp370/r3i1p1f1/Omon/thetao/gr:
files
latest
v20190815

/badc/cmip6/data/CMIP6/ScenarioMIP/NCC/NorESM2-LM/ssp370/r1i1p1f1/Omon/thetao/gn:
files
latest
v20191108

/badc/cmip6/data/CMIP6/ScenarioMIP/NCC/NorESM2-LM/ssp370/r1i1p1f1/Omon/thetao/gr:
files
latest
v20191108

/badc/cmip6/data/CMIP6/ScenarioMIP/NCC/NorESM2-LM/ssp370/r2i1p1f1/Omon/thetao/gn:
files
latest
v20191108

/badc/cmip6/data/CMIP6/ScenarioMIP/NCC/NorESM2-LM/ssp370/r2i1p1f1/Omon/thetao/gr:
files
latest
v20191108

/badc/cmip6/data/CMIP6/ScenarioMIP/NCC/NorESM2-LM/ssp370/r3i1p1f1/Omon/thetao/gn:
files
latest
v20191108

/badc/cmip6/data/CMIP6/ScenarioMIP/NCC/NorESM2-LM/ssp370/r3i1p1f1/Omon/thetao/gr:
files
latest
v20191108

/badc/cmip6/data/CMIP6/ScenarioMIP/NCC/NorESM2-MM/ssp370/r1i1p1f1/Omon/thetao/gn:
files
latest
v20191108

/badc/cmip6/data/CMIP6/ScenarioMIP/NCC/NorESM2-MM/ssp370/r1i1p1f1/Omon/thetao/gr:
files
latest
v20191108

/badc/cmip6/data/CMIP6/ScenarioMIP/NOAA-GFDL/GFDL-ESM4/ssp370/r1i1p1f1/Omon/thetao/gn:
files
latest
v20180701

/badc/cmip6/data/CMIP6/ScenarioMIP/NOAA-GFDL/GFDL-ESM4/ssp370/r1i1p1f1/Omon/thetao/gr:
files
latest
v20180701
