/badc/cmip6/data/CMIP6/ScenarioMIP/AWI/AWI-CM-1-1-MR/ssp585/r1i1p1f1/Omon/thetao/gn:
files
latest
v20181218

/badc/cmip6/data/CMIP6/ScenarioMIP/BCC/BCC-CSM2-MR/ssp585/r1i1p1f1/Omon/thetao/gn:
files
latest
v20190319

/badc/cmip6/data/CMIP6/ScenarioMIP/CAMS/CAMS-CSM1-0/ssp585/r1i1p1f1/Omon/thetao/gn:
files
latest
v20190708

/badc/cmip6/data/CMIP6/ScenarioMIP/CAMS/CAMS-CSM1-0/ssp585/r2i1p1f1/Omon/thetao/gn:
files
latest
v20190924

/badc/cmip6/data/CMIP6/ScenarioMIP/CAS/FGOALS-f3-L/ssp585/r1i1p1f1/Omon/thetao/gn:
files
latest
v20191012

/badc/cmip6/data/CMIP6/ScenarioMIP/CAS/FGOALS-g3/ssp585/r1i1p1f1/Omon/thetao/gn:
files
latest
v20191230

/badc/cmip6/data/CMIP6/ScenarioMIP/CCCma/CanESM5/ssp585/r10i1p2f1/Omon/thetao/gn:
files
latest
v20190429

/badc/cmip6/data/CMIP6/ScenarioMIP/CCCma/CanESM5/ssp585/r1i1p1f1/Omon/thetao/gn:
files
latest
v20190429

/badc/cmip6/data/CMIP6/ScenarioMIP/CCCma/CanESM5/ssp585/r1i1p2f1/Omon/thetao/gn:
files
latest
v20190429

/badc/cmip6/data/CMIP6/ScenarioMIP/CCCma/CanESM5/ssp585/r2i1p1f1/Omon/thetao/gn:
files
latest
v20190429

/badc/cmip6/data/CMIP6/ScenarioMIP/CCCma/CanESM5/ssp585/r2i1p2f1/Omon/thetao/gn:
files
latest
v20190429

/badc/cmip6/data/CMIP6/ScenarioMIP/CCCma/CanESM5/ssp585/r3i1p1f1/Omon/thetao/gn:
files
latest
v20190429

/badc/cmip6/data/CMIP6/ScenarioMIP/CCCma/CanESM5/ssp585/r3i1p2f1/Omon/thetao/gn:
files
latest
v20190429

/badc/cmip6/data/CMIP6/ScenarioMIP/CCCma/CanESM5/ssp585/r4i1p1f1/Omon/thetao/gn:
files
latest
v20190429

/badc/cmip6/data/CMIP6/ScenarioMIP/CCCma/CanESM5/ssp585/r4i1p2f1/Omon/thetao/gn:
files
latest
v20190429

/badc/cmip6/data/CMIP6/ScenarioMIP/CCCma/CanESM5/ssp585/r5i1p1f1/Omon/thetao/gn:
files
latest
v20190429

/badc/cmip6/data/CMIP6/ScenarioMIP/CCCma/CanESM5/ssp585/r5i1p2f1/Omon/thetao/gn:
files
latest
v20190429

/badc/cmip6/data/CMIP6/ScenarioMIP/CCCma/CanESM5/ssp585/r6i1p2f1/Omon/thetao/gn:
files
latest
v20190429

/badc/cmip6/data/CMIP6/ScenarioMIP/CCCma/CanESM5/ssp585/r7i1p2f1/Omon/thetao/gn:
files
latest
v20190429

/badc/cmip6/data/CMIP6/ScenarioMIP/CCCma/CanESM5/ssp585/r8i1p1f1/Omon/thetao/gn:
files
latest
v20190429

/badc/cmip6/data/CMIP6/ScenarioMIP/CCCma/CanESM5/ssp585/r8i1p2f1/Omon/thetao/gn:
files
latest
v20190429

/badc/cmip6/data/CMIP6/ScenarioMIP/CCCma/CanESM5/ssp585/r9i1p2f1/Omon/thetao/gn:
files
latest
v20190429

/badc/cmip6/data/CMIP6/ScenarioMIP/CMCC/CMCC-CM2-SR5/ssp585/r1i1p1f1/Omon/thetao/gn:
files
latest
v20200622

/badc/cmip6/data/CMIP6/ScenarioMIP/CNRM-CERFACS/CNRM-CM6-1/ssp585/r1i1p1f2/Omon/thetao/gn:
files
latest
v20190219

/badc/cmip6/data/CMIP6/ScenarioMIP/CNRM-CERFACS/CNRM-CM6-1/ssp585/r2i1p1f2/Omon/thetao/gn:
files
latest
v20190410

/badc/cmip6/data/CMIP6/ScenarioMIP/CNRM-CERFACS/CNRM-CM6-1/ssp585/r3i1p1f2/Omon/thetao/gn:
files
latest
v20190410

/badc/cmip6/data/CMIP6/ScenarioMIP/CNRM-CERFACS/CNRM-CM6-1/ssp585/r4i1p1f2/Omon/thetao/gn:
files
latest
v20190410

/badc/cmip6/data/CMIP6/ScenarioMIP/CNRM-CERFACS/CNRM-CM6-1/ssp585/r5i1p1f2/Omon/thetao/gn:
files
latest
v20190410

/badc/cmip6/data/CMIP6/ScenarioMIP/CNRM-CERFACS/CNRM-CM6-1/ssp585/r6i1p1f2/Omon/thetao/gn:
files
latest
v20190410

/badc/cmip6/data/CMIP6/ScenarioMIP/CNRM-CERFACS/CNRM-ESM2-1/ssp585/r4i1p1f2/Omon/thetao/gn:
files
latest
v20190410

/badc/cmip6/data/CMIP6/ScenarioMIP/CNRM-CERFACS/CNRM-ESM2-1/ssp585/r5i1p1f2/Omon/thetao/gn:
files
latest
v20190410

/badc/cmip6/data/CMIP6/ScenarioMIP/CSIRO/ACCESS-ESM1-5/ssp585/r1i1p1f1/Omon/thetao/gn:
files
latest
v20191115

/badc/cmip6/data/CMIP6/ScenarioMIP/CSIRO/ACCESS-ESM1-5/ssp585/r2i1p1f1/Omon/thetao/gn:
files
latest
v20191129

/badc/cmip6/data/CMIP6/ScenarioMIP/CSIRO/ACCESS-ESM1-5/ssp585/r3i1p1f1/Omon/thetao/gn:
files
latest
v20191203

/badc/cmip6/data/CMIP6/ScenarioMIP/CSIRO-ARCCSS/ACCESS-CM2/ssp585/r1i1p1f1/Omon/thetao/gn:
files
latest
v20191108

/badc/cmip6/data/CMIP6/ScenarioMIP/CSIRO-ARCCSS/ACCESS-CM2/ssp585/r2i1p1f1/Omon/thetao/gn:
files
latest
v20200303

/badc/cmip6/data/CMIP6/ScenarioMIP/CSIRO-ARCCSS/ACCESS-CM2/ssp585/r3i1p1f1/Omon/thetao/gn:
files
latest
v20200428

/badc/cmip6/data/CMIP6/ScenarioMIP/DKRZ/MPI-ESM1-2-HR/ssp585/r1i1p1f1/Omon/thetao/gn:
files
latest
v20190710

/badc/cmip6/data/CMIP6/ScenarioMIP/EC-Earth-Consortium/EC-Earth3/ssp585/r1i1p1f1/Omon/thetao/gn:
files
latest
v20200918

/badc/cmip6/data/CMIP6/ScenarioMIP/EC-Earth-Consortium/EC-Earth3-Veg/ssp585/r1i1p1f1/Omon/thetao/gn:
files
latest
v20200225
v20200919

/badc/cmip6/data/CMIP6/ScenarioMIP/FIO-QLNM/FIO-ESM-2-0/ssp585/r1i1p1f1/Omon/thetao/gn:
files
latest
v20200114

/badc/cmip6/data/CMIP6/ScenarioMIP/INM/INM-CM4-8/ssp585/r1i1p1f1/Omon/thetao/gr1:
files
latest
v20190603

/badc/cmip6/data/CMIP6/ScenarioMIP/INM/INM-CM5-0/ssp585/r1i1p1f1/Omon/thetao/gr1:
files
latest
v20190724

/badc/cmip6/data/CMIP6/ScenarioMIP/IPSL/IPSL-CM6A-LR/ssp585/r1i1p1f1/Omon/thetao/gn:
files
latest
v20190119
v20190903

/badc/cmip6/data/CMIP6/ScenarioMIP/IPSL/IPSL-CM6A-LR/ssp585/r2i1p1f1/Omon/thetao/gn:
files
latest
v20191121

/badc/cmip6/data/CMIP6/ScenarioMIP/IPSL/IPSL-CM6A-LR/ssp585/r3i1p1f1/Omon/thetao/gn:
files
latest
v20191121

/badc/cmip6/data/CMIP6/ScenarioMIP/MIROC/MIROC6/ssp585/r1i1p1f1/Omon/thetao/gn:
files
latest
v20190627

/badc/cmip6/data/CMIP6/ScenarioMIP/MIROC/MIROC6/ssp585/r2i1p1f1/Omon/thetao/gn:
files
latest
v20190627

/badc/cmip6/data/CMIP6/ScenarioMIP/MIROC/MIROC6/ssp585/r3i1p1f1/Omon/thetao/gn:
files
latest
v20190627

/badc/cmip6/data/CMIP6/ScenarioMIP/MIROC/MIROC-ES2L/ssp585/r1i1p1f2/Omon/thetao/gn:
files
latest
v20190823

/badc/cmip6/data/CMIP6/ScenarioMIP/MOHC/HadGEM3-GC31-LL/ssp585/r1i1p1f3/Omon/thetao/gn:
files
latest
v20200114

/badc/cmip6/data/CMIP6/ScenarioMIP/MOHC/HadGEM3-GC31-LL/ssp585/r2i1p1f3/Omon/thetao/gn:
files
latest
v20200121

/badc/cmip6/data/CMIP6/ScenarioMIP/MOHC/HadGEM3-GC31-LL/ssp585/r3i1p1f3/Omon/thetao/gn:
files
latest
v20200121

/badc/cmip6/data/CMIP6/ScenarioMIP/MOHC/HadGEM3-GC31-LL/ssp585/r4i1p1f3/Omon/thetao/gn:
files
latest
v20200604

/badc/cmip6/data/CMIP6/ScenarioMIP/MOHC/HadGEM3-GC31-MM/ssp585/r1i1p1f3/Omon/thetao/gn:
files
latest
v20200515

/badc/cmip6/data/CMIP6/ScenarioMIP/MOHC/HadGEM3-GC31-MM/ssp585/r2i1p1f3/Omon/thetao/gn:
files
latest
v20200515

/badc/cmip6/data/CMIP6/ScenarioMIP/MOHC/HadGEM3-GC31-MM/ssp585/r3i1p1f3/Omon/thetao/gn:
files
latest
v20200507

/badc/cmip6/data/CMIP6/ScenarioMIP/MOHC/UKESM1-0-LL/ssp585/r1i1p1f2/Omon/thetao/gn:
files
latest
v20190726

/badc/cmip6/data/CMIP6/ScenarioMIP/MOHC/UKESM1-0-LL/ssp585/r2i1p1f2/Omon/thetao/gn:
files
latest
v20190726

/badc/cmip6/data/CMIP6/ScenarioMIP/MOHC/UKESM1-0-LL/ssp585/r3i1p1f2/Omon/thetao/gn:
files
latest
v20190813

/badc/cmip6/data/CMIP6/ScenarioMIP/MOHC/UKESM1-0-LL/ssp585/r4i1p1f2/Omon/thetao/gn:
files
latest
v20190814

/badc/cmip6/data/CMIP6/ScenarioMIP/MOHC/UKESM1-0-LL/ssp585/r8i1p1f2/Omon/thetao/gn:
files
latest
v20190906

/badc/cmip6/data/CMIP6/ScenarioMIP/MPI-M/MPI-ESM1-2-LR/ssp585/r1i1p1f1/Omon/thetao/gn:
files
latest
v20190710

/badc/cmip6/data/CMIP6/ScenarioMIP/MPI-M/MPI-ESM1-2-LR/ssp585/r2i1p1f1/Omon/thetao/gn:
files
latest
v20190710

/badc/cmip6/data/CMIP6/ScenarioMIP/MPI-M/MPI-ESM1-2-LR/ssp585/r3i1p1f1/Omon/thetao/gn:
files
latest
v20190710

/badc/cmip6/data/CMIP6/ScenarioMIP/MRI/MRI-ESM2-0/ssp585/r1i1p1f1/Omon/thetao/gn:
files
latest
v20200120

/badc/cmip6/data/CMIP6/ScenarioMIP/MRI/MRI-ESM2-0/ssp585/r1i1p1f1/Omon/thetao/gr:
files
latest
v20200120

/badc/cmip6/data/CMIP6/ScenarioMIP/NCAR/CESM2-WACCM/ssp585/r1i1p1f1/Omon/thetao/gn:
files
latest
v20190815
v20200702

/badc/cmip6/data/CMIP6/ScenarioMIP/NCAR/CESM2-WACCM/ssp585/r1i1p1f1/Omon/thetao/gr:
files
latest
v20190815

/badc/cmip6/data/CMIP6/ScenarioMIP/NCAR/CESM2-WACCM/ssp585/r2i1p1f1/Omon/thetao/gn:
files
latest
v20200206

/badc/cmip6/data/CMIP6/ScenarioMIP/NCAR/CESM2-WACCM/ssp585/r2i1p1f1/Omon/thetao/gr:
files
latest
v20200206

/badc/cmip6/data/CMIP6/ScenarioMIP/NCAR/CESM2-WACCM/ssp585/r3i1p1f1/Omon/thetao/gn:
files
latest
v20200206

/badc/cmip6/data/CMIP6/ScenarioMIP/NCAR/CESM2-WACCM/ssp585/r3i1p1f1/Omon/thetao/gr:
files
latest
v20200206

/badc/cmip6/data/CMIP6/ScenarioMIP/NCC/NorESM2-LM/ssp585/r1i1p1f1/Omon/thetao/gn:
files
latest
v20191108

/badc/cmip6/data/CMIP6/ScenarioMIP/NCC/NorESM2-LM/ssp585/r1i1p1f1/Omon/thetao/gr:
files
latest
v20191108

/badc/cmip6/data/CMIP6/ScenarioMIP/NCC/NorESM2-MM/ssp585/r1i1p1f1/Omon/thetao/gn:
files
latest
v20191108

/badc/cmip6/data/CMIP6/ScenarioMIP/NCC/NorESM2-MM/ssp585/r1i1p1f1/Omon/thetao/gr:
files
latest
v20191108

/badc/cmip6/data/CMIP6/ScenarioMIP/NOAA-GFDL/GFDL-CM4/ssp585/r1i1p1f1/Omon/thetao/gn:
files
latest
v20180701

/badc/cmip6/data/CMIP6/ScenarioMIP/NOAA-GFDL/GFDL-CM4/ssp585/r1i1p1f1/Omon/thetao/gr:
files
latest
v20180701

/badc/cmip6/data/CMIP6/ScenarioMIP/NOAA-GFDL/GFDL-ESM4/ssp585/r1i1p1f1/Omon/thetao/gn:
files
latest
v20180701

/badc/cmip6/data/CMIP6/ScenarioMIP/NOAA-GFDL/GFDL-ESM4/ssp585/r1i1p1f1/Omon/thetao/gr:
files
latest
v20180701

/badc/cmip6/data/CMIP6/ScenarioMIP/NUIST/NESM3/ssp585/r1i1p1f1/Omon/thetao/gn:
files
latest
v20190731

/badc/cmip6/data/CMIP6/ScenarioMIP/THU/CIESM/ssp585/r1i1p1f1/Omon/thetao/gn:
files
latest
v20200220
