/badc/cmip6/data/CMIP6/ScenarioMIP/AWI/AWI-CM-1-1-MR/ssp245/r1i1p1f1/Omon/tos/gn:
files
latest
v20181218

/badc/cmip6/data/CMIP6/ScenarioMIP/BCC/BCC-CSM2-MR/ssp245/r1i1p1f1/Omon/tos/gn:
files
latest
v20190319

/badc/cmip6/data/CMIP6/ScenarioMIP/CAMS/CAMS-CSM1-0/ssp245/r1i1p1f1/Omon/tos/gn:
files
latest
v20190708

/badc/cmip6/data/CMIP6/ScenarioMIP/CAMS/CAMS-CSM1-0/ssp245/r2i1p1f1/Omon/tos/gn:
files
latest
v20190924

/badc/cmip6/data/CMIP6/ScenarioMIP/CAS/FGOALS-f3-L/ssp245/r1i1p1f1/Omon/tos/gn:
files
latest
v20191008

/badc/cmip6/data/CMIP6/ScenarioMIP/CAS/FGOALS-g3/ssp245/r1i1p1f1/Omon/tos/gn:
files
latest
v20191231

/badc/cmip6/data/CMIP6/ScenarioMIP/CCCma/CanESM5/ssp245/r10i1p1f1/Omon/tos/gn:
files
latest
v20190429

/badc/cmip6/data/CMIP6/ScenarioMIP/CCCma/CanESM5/ssp245/r10i1p2f1/Omon/tos/gn:
files
latest
v20190429

/badc/cmip6/data/CMIP6/ScenarioMIP/CCCma/CanESM5/ssp245/r1i1p1f1/Omon/tos/gn:
files
latest
v20190429

/badc/cmip6/data/CMIP6/ScenarioMIP/CCCma/CanESM5/ssp245/r1i1p2f1/Omon/tos/gn:
files
latest
v20190429

/badc/cmip6/data/CMIP6/ScenarioMIP/CCCma/CanESM5/ssp245/r2i1p1f1/Omon/tos/gn:
files
latest
v20190429

/badc/cmip6/data/CMIP6/ScenarioMIP/CCCma/CanESM5/ssp245/r2i1p2f1/Omon/tos/gn:
files
latest
v20190429

/badc/cmip6/data/CMIP6/ScenarioMIP/CCCma/CanESM5/ssp245/r3i1p1f1/Omon/tos/gn:
files
latest
v20190429

/badc/cmip6/data/CMIP6/ScenarioMIP/CCCma/CanESM5/ssp245/r3i1p2f1/Omon/tos/gn:
files
latest
v20190429

/badc/cmip6/data/CMIP6/ScenarioMIP/CCCma/CanESM5/ssp245/r4i1p1f1/Omon/tos/gn:
files
latest
v20190429

/badc/cmip6/data/CMIP6/ScenarioMIP/CCCma/CanESM5/ssp245/r4i1p2f1/Omon/tos/gn:
files
latest
v20190429

/badc/cmip6/data/CMIP6/ScenarioMIP/CCCma/CanESM5/ssp245/r5i1p1f1/Omon/tos/gn:
files
latest
v20190429

/badc/cmip6/data/CMIP6/ScenarioMIP/CCCma/CanESM5/ssp245/r5i1p2f1/Omon/tos/gn:
files
latest
v20190429

/badc/cmip6/data/CMIP6/ScenarioMIP/CCCma/CanESM5/ssp245/r6i1p1f1/Omon/tos/gn:
files
latest
v20190429

/badc/cmip6/data/CMIP6/ScenarioMIP/CCCma/CanESM5/ssp245/r6i1p2f1/Omon/tos/gn:
files
latest
v20190429

/badc/cmip6/data/CMIP6/ScenarioMIP/CCCma/CanESM5/ssp245/r7i1p1f1/Omon/tos/gn:
files
latest
v20190429

/badc/cmip6/data/CMIP6/ScenarioMIP/CCCma/CanESM5/ssp245/r7i1p2f1/Omon/tos/gn:
files
latest
v20190429

/badc/cmip6/data/CMIP6/ScenarioMIP/CCCma/CanESM5/ssp245/r8i1p1f1/Omon/tos/gn:
files
latest
v20190429

/badc/cmip6/data/CMIP6/ScenarioMIP/CCCma/CanESM5/ssp245/r8i1p2f1/Omon/tos/gn:
files
latest
v20190429

/badc/cmip6/data/CMIP6/ScenarioMIP/CCCma/CanESM5/ssp245/r9i1p1f1/Omon/tos/gn:
files
latest
v20190429

/badc/cmip6/data/CMIP6/ScenarioMIP/CCCma/CanESM5/ssp245/r9i1p2f1/Omon/tos/gn:
files
latest
v20190429

/badc/cmip6/data/CMIP6/ScenarioMIP/CMCC/CMCC-CM2-SR5/ssp245/r1i1p1f1/Omon/tos/gn:
files
latest
v20200617

/badc/cmip6/data/CMIP6/ScenarioMIP/CNRM-CERFACS/CNRM-CM6-1/ssp245/r1i1p1f2/Omon/tos/gn:
files
latest
v20190219

/badc/cmip6/data/CMIP6/ScenarioMIP/CNRM-CERFACS/CNRM-CM6-1/ssp245/r2i1p1f2/Omon/tos/gn:
files
latest
v20190410

/badc/cmip6/data/CMIP6/ScenarioMIP/CNRM-CERFACS/CNRM-CM6-1/ssp245/r3i1p1f2/Omon/tos/gn:
files
latest
v20190410

/badc/cmip6/data/CMIP6/ScenarioMIP/CNRM-CERFACS/CNRM-CM6-1/ssp245/r4i1p1f2/Omon/tos/gn:
files
latest
v20190410

/badc/cmip6/data/CMIP6/ScenarioMIP/CNRM-CERFACS/CNRM-CM6-1/ssp245/r5i1p1f2/Omon/tos/gn:
files
latest
v20190410

/badc/cmip6/data/CMIP6/ScenarioMIP/CNRM-CERFACS/CNRM-CM6-1/ssp245/r6i1p1f2/Omon/tos/gn:
files
latest
v20190410

/badc/cmip6/data/CMIP6/ScenarioMIP/CNRM-CERFACS/CNRM-ESM2-1/ssp245/r1i1p1f2/Omon/tos/gn:
files
latest
v20190328

/badc/cmip6/data/CMIP6/ScenarioMIP/CNRM-CERFACS/CNRM-ESM2-1/ssp245/r2i1p1f2/Omon/tos/gn:
files
latest
v20190410

/badc/cmip6/data/CMIP6/ScenarioMIP/CNRM-CERFACS/CNRM-ESM2-1/ssp245/r3i1p1f2/Omon/tos/gn:
files
latest
v20190410

/badc/cmip6/data/CMIP6/ScenarioMIP/CNRM-CERFACS/CNRM-ESM2-1/ssp245/r4i1p1f2/Omon/tos/gn:
files
latest
v20190410

/badc/cmip6/data/CMIP6/ScenarioMIP/CNRM-CERFACS/CNRM-ESM2-1/ssp245/r5i1p1f2/Omon/tos/gn:
files
latest
v20190410

/badc/cmip6/data/CMIP6/ScenarioMIP/CSIRO/ACCESS-ESM1-5/ssp245/r1i1p1f1/Omon/tos/gn:
files
latest
v20191115

/badc/cmip6/data/CMIP6/ScenarioMIP/CSIRO/ACCESS-ESM1-5/ssp245/r2i1p1f1/Omon/tos/gn:
files
latest
v20191129

/badc/cmip6/data/CMIP6/ScenarioMIP/CSIRO/ACCESS-ESM1-5/ssp245/r3i1p1f1/Omon/tos/gn:
files
latest
v20191203

/badc/cmip6/data/CMIP6/ScenarioMIP/CSIRO-ARCCSS/ACCESS-CM2/ssp245/r1i1p1f1/Omon/tos/gn:
files
latest
v20191108

/badc/cmip6/data/CMIP6/ScenarioMIP/CSIRO-ARCCSS/ACCESS-CM2/ssp245/r2i1p1f1/Omon/tos/gn:
files
latest
v20200303

/badc/cmip6/data/CMIP6/ScenarioMIP/CSIRO-ARCCSS/ACCESS-CM2/ssp245/r3i1p1f1/Omon/tos/gn:
files
latest
v20200428

/badc/cmip6/data/CMIP6/ScenarioMIP/DKRZ/MPI-ESM1-2-HR/ssp245/r1i1p1f1/Omon/tos/gn:
files
latest
v20190710

/badc/cmip6/data/CMIP6/ScenarioMIP/DKRZ/MPI-ESM1-2-HR/ssp245/r2i1p1f1/Omon/tos/gn:
files
latest
v20190710

/badc/cmip6/data/CMIP6/ScenarioMIP/EC-Earth-Consortium/EC-Earth3/ssp245/r1i1p1f1/Omon/tos/gn:
files
latest
v20200310

/badc/cmip6/data/CMIP6/ScenarioMIP/EC-Earth-Consortium/EC-Earth3/ssp245/r2i1p1f1/Omon/tos/gn:
files
latest
v20200311

/badc/cmip6/data/CMIP6/ScenarioMIP/EC-Earth-Consortium/EC-Earth3/ssp245/r2i1p1f1/Omon/tos/gr:
files
latest
v20200311

/badc/cmip6/data/CMIP6/ScenarioMIP/EC-Earth-Consortium/EC-Earth3-Veg/ssp245/r1i1p1f1/Omon/tos/gn:
files
latest
v20200225

/badc/cmip6/data/CMIP6/ScenarioMIP/FIO-QLNM/FIO-ESM-2-0/ssp245/r1i1p1f1/Omon/tos/gn:
files
latest
v20191227

/badc/cmip6/data/CMIP6/ScenarioMIP/INM/INM-CM4-8/ssp245/r1i1p1f1/Omon/tos/gr1:
files
latest
v20190603

/badc/cmip6/data/CMIP6/ScenarioMIP/INM/INM-CM5-0/ssp245/r1i1p1f1/Omon/tos/gr1:
files
latest
v20190619

/badc/cmip6/data/CMIP6/ScenarioMIP/IPSL/IPSL-CM6A-LR/ssp245/r1i1p1f1/Omon/tos/gn:
files
latest
v20190119

/badc/cmip6/data/CMIP6/ScenarioMIP/IPSL/IPSL-CM6A-LR/ssp245/r2i1p1f1/Omon/tos/gn:
files
latest
v20190516

/badc/cmip6/data/CMIP6/ScenarioMIP/IPSL/IPSL-CM6A-LR/ssp245/r3i1p1f1/Omon/tos/gn:
files
latest
v20191121

/badc/cmip6/data/CMIP6/ScenarioMIP/MIROC/MIROC6/ssp245/r1i1p1f1/Omon/tos/gn:
files
latest
v20190627

/badc/cmip6/data/CMIP6/ScenarioMIP/MIROC/MIROC6/ssp245/r2i1p1f1/Omon/tos/gn:
files
latest
v20190627

/badc/cmip6/data/CMIP6/ScenarioMIP/MIROC/MIROC6/ssp245/r3i1p1f1/Omon/tos/gn:
files
latest
v20190627

/badc/cmip6/data/CMIP6/ScenarioMIP/MIROC/MIROC-ES2L/ssp245/r1i1p1f2/Omon/tos/gn:
files
latest
v20190823

/badc/cmip6/data/CMIP6/ScenarioMIP/MOHC/HadGEM3-GC31-LL/ssp245/r1i1p1f3/Omon/tos/gn:
files
latest
v20190908

/badc/cmip6/data/CMIP6/ScenarioMIP/MOHC/HadGEM3-GC31-LL/ssp245/r2i1p1f3/Omon/tos/gn:
files
latest
v20190906

/badc/cmip6/data/CMIP6/ScenarioMIP/MOHC/HadGEM3-GC31-LL/ssp245/r3i1p1f3/Omon/tos/gn:
files
latest
v20190908

/badc/cmip6/data/CMIP6/ScenarioMIP/MOHC/HadGEM3-GC31-LL/ssp245/r4i1p1f3/Omon/tos/gn:
files
latest
v20190908

/badc/cmip6/data/CMIP6/ScenarioMIP/MOHC/UKESM1-0-LL/ssp245/r1i1p1f2/Omon/tos/gn:
files
latest
v20190507

/badc/cmip6/data/CMIP6/ScenarioMIP/MOHC/UKESM1-0-LL/ssp245/r2i1p1f2/Omon/tos/gn:
files
latest
v20190507

/badc/cmip6/data/CMIP6/ScenarioMIP/MOHC/UKESM1-0-LL/ssp245/r3i1p1f2/Omon/tos/gn:
files
latest
v20190507

/badc/cmip6/data/CMIP6/ScenarioMIP/MOHC/UKESM1-0-LL/ssp245/r4i1p1f2/Omon/tos/gn:
files
latest
v20190507

/badc/cmip6/data/CMIP6/ScenarioMIP/MOHC/UKESM1-0-LL/ssp245/r8i1p1f2/Omon/tos/gn:
files
latest
v20190510

/badc/cmip6/data/CMIP6/ScenarioMIP/MPI-M/MPI-ESM1-2-LR/ssp245/r1i1p1f1/Omon/tos/gn:
files
latest
v20190710

/badc/cmip6/data/CMIP6/ScenarioMIP/MPI-M/MPI-ESM1-2-LR/ssp245/r2i1p1f1/Omon/tos/gn:
files
latest
v20190710

/badc/cmip6/data/CMIP6/ScenarioMIP/MPI-M/MPI-ESM1-2-LR/ssp245/r3i1p1f1/Omon/tos/gn:
files
latest
v20190710

/badc/cmip6/data/CMIP6/ScenarioMIP/MRI/MRI-ESM2-0/ssp245/r1i1p1f1/Omon/tos/gn:
files
latest
v20190904

/badc/cmip6/data/CMIP6/ScenarioMIP/MRI/MRI-ESM2-0/ssp245/r1i1p1f1/Omon/tos/gr:
files
latest
v20190904

/badc/cmip6/data/CMIP6/ScenarioMIP/MRI/MRI-ESM2-0/ssp245/r2i1p1f1/Omon/tos/gn:
files
latest
v20190904

/badc/cmip6/data/CMIP6/ScenarioMIP/MRI/MRI-ESM2-0/ssp245/r2i1p1f1/Omon/tos/gr:
files
latest
v20190904

/badc/cmip6/data/CMIP6/ScenarioMIP/MRI/MRI-ESM2-0/ssp245/r3i1p1f1/Omon/tos/gn:
files
latest
v20190904

/badc/cmip6/data/CMIP6/ScenarioMIP/MRI/MRI-ESM2-0/ssp245/r3i1p1f1/Omon/tos/gr:
files
latest
v20190904

/badc/cmip6/data/CMIP6/ScenarioMIP/NCAR/CESM2-WACCM/ssp245/r1i1p1f1/Omon/tos/gn:
files
latest
v20190815

/badc/cmip6/data/CMIP6/ScenarioMIP/NCAR/CESM2-WACCM/ssp245/r1i1p1f1/Omon/tos/gr:
files
latest
v20190815

/badc/cmip6/data/CMIP6/ScenarioMIP/NCAR/CESM2-WACCM/ssp245/r2i1p1f1/Omon/tos/gn:
files
latest
v20200224

/badc/cmip6/data/CMIP6/ScenarioMIP/NCAR/CESM2-WACCM/ssp245/r2i1p1f1/Omon/tos/gr:
files
latest
v20200224

/badc/cmip6/data/CMIP6/ScenarioMIP/NCAR/CESM2-WACCM/ssp245/r3i1p1f1/Omon/tos/gn:
files
latest
v20200206

/badc/cmip6/data/CMIP6/ScenarioMIP/NCAR/CESM2-WACCM/ssp245/r3i1p1f1/Omon/tos/gr:
files
latest
v20200206

/badc/cmip6/data/CMIP6/ScenarioMIP/NCC/NorESM2-LM/ssp245/r1i1p1f1/Omon/tos/gn:
files
latest
v20191108

/badc/cmip6/data/CMIP6/ScenarioMIP/NCC/NorESM2-LM/ssp245/r2i1p1f1/Omon/tos/gn:
files
latest
v20191108

/badc/cmip6/data/CMIP6/ScenarioMIP/NCC/NorESM2-LM/ssp245/r3i1p1f1/Omon/tos/gn:
files
latest
v20191108

/badc/cmip6/data/CMIP6/ScenarioMIP/NCC/NorESM2-MM/ssp245/r1i1p1f1/Omon/tos/gn:
files
latest
v20191108

/badc/cmip6/data/CMIP6/ScenarioMIP/NIMS-KMA/KACE-1-0-G/ssp245/r1i1p1f1/Omon/tos/gr:
files
latest
v20200130

/badc/cmip6/data/CMIP6/ScenarioMIP/NOAA-GFDL/GFDL-CM4/ssp245/r1i1p1f1/Omon/tos/gn:
files
latest
v20180701

/badc/cmip6/data/CMIP6/ScenarioMIP/NOAA-GFDL/GFDL-CM4/ssp245/r1i1p1f1/Omon/tos/gr:
files
latest
v20180701

/badc/cmip6/data/CMIP6/ScenarioMIP/NOAA-GFDL/GFDL-ESM4/ssp245/r1i1p1f1/Omon/tos/gn:
files
latest
v20180701

/badc/cmip6/data/CMIP6/ScenarioMIP/NOAA-GFDL/GFDL-ESM4/ssp245/r1i1p1f1/Omon/tos/gr:
files
latest
v20180701

/badc/cmip6/data/CMIP6/ScenarioMIP/NOAA-GFDL/GFDL-ESM4/ssp245/r2i1p1f1/Omon/tos/gr:
files
latest
v20180701

/badc/cmip6/data/CMIP6/ScenarioMIP/NOAA-GFDL/GFDL-ESM4/ssp245/r3i1p1f1/Omon/tos/gn:
files
latest
v20180701

/badc/cmip6/data/CMIP6/ScenarioMIP/NOAA-GFDL/GFDL-ESM4/ssp245/r3i1p1f1/Omon/tos/gr:
files
latest
v20180701

/badc/cmip6/data/CMIP6/ScenarioMIP/NUIST/NESM3/ssp245/r1i1p1f1/Omon/tos/gn:
files
latest
v20190731

/badc/cmip6/data/CMIP6/ScenarioMIP/NUIST/NESM3/ssp245/r2i1p1f1/Omon/tos/gn:
files
latest
v20190731

/badc/cmip6/data/CMIP6/ScenarioMIP/THU/CIESM/ssp245/r1i1p1f1/Omon/tos/gn:
files
latest
v20200220
