/badc/cmip6/data/CMIP6/HighResMIP/AWI/AWI-CM-1-1-HR/hist-1950/r1i1p1f2/Omon/tos/gn:
files
latest
v20170825

/badc/cmip6/data/CMIP6/HighResMIP/AWI/AWI-CM-1-1-LR/hist-1950/r1i1p1f2/Omon/tos/gn:
files
latest
v20170825

/badc/cmip6/data/CMIP6/HighResMIP/CMCC/CMCC-CM2-HR4/hist-1950/r1i1p1f1/Omon/tos/gn:
files
latest
v20190105

/badc/cmip6/data/CMIP6/HighResMIP/CMCC/CMCC-CM2-VHR4/hist-1950/r1i1p1f1/Omon/tos/gn:
files
latest
v20180705

/badc/cmip6/data/CMIP6/HighResMIP/CNRM-CERFACS/CNRM-CM6-1/hist-1950/r1i1p1f2/Omon/tos/gn:
files
latest
v20190401

/badc/cmip6/data/CMIP6/HighResMIP/CNRM-CERFACS/CNRM-CM6-1-HR/hist-1950/r1i1p1f2/Omon/tos/gn:
files
latest
v20190221

/badc/cmip6/data/CMIP6/HighResMIP/EC-Earth-Consortium/EC-Earth3P/hist-1950/r1i1p2f1/Omon/tos/gn:
files
latest
v20190314

/badc/cmip6/data/CMIP6/HighResMIP/EC-Earth-Consortium/EC-Earth3P/hist-1950/r2i1p2f1/Omon/tos/gn:
files
latest
v20190812

/badc/cmip6/data/CMIP6/HighResMIP/EC-Earth-Consortium/EC-Earth3P/hist-1950/r3i1p2f1/Omon/tos/gn:
files
latest
v20190215

/badc/cmip6/data/CMIP6/HighResMIP/EC-Earth-Consortium/EC-Earth3P-HR/hist-1950/r1i1p2f1/Omon/tos/gn:
files
latest
v20181212

/badc/cmip6/data/CMIP6/HighResMIP/EC-Earth-Consortium/EC-Earth3P-HR/hist-1950/r2i1p2f1/Omon/tos/gn:
files
latest
v20190625

/badc/cmip6/data/CMIP6/HighResMIP/EC-Earth-Consortium/EC-Earth3P-HR/hist-1950/r3i1p2f1/Omon/tos/gn:
files
latest
v20190214

/badc/cmip6/data/CMIP6/HighResMIP/ECMWF/ECMWF-IFS-HR/hist-1950/r1i1p1f1/Omon/tos/gn:
files
latest
v20170915

/badc/cmip6/data/CMIP6/HighResMIP/ECMWF/ECMWF-IFS-HR/hist-1950/r2i1p1f1/Omon/tos/gn:
files
latest
v20181119

/badc/cmip6/data/CMIP6/HighResMIP/ECMWF/ECMWF-IFS-HR/hist-1950/r3i1p1f1/Omon/tos/gn:
files
latest
v20181119

/badc/cmip6/data/CMIP6/HighResMIP/ECMWF/ECMWF-IFS-HR/hist-1950/r4i1p1f1/Omon/tos/gn:
files
latest
v20181119

/badc/cmip6/data/CMIP6/HighResMIP/ECMWF/ECMWF-IFS-HR/hist-1950/r5i1p1f1/Omon/tos/gn:
files
latest
v20190417

/badc/cmip6/data/CMIP6/HighResMIP/ECMWF/ECMWF-IFS-HR/hist-1950/r6i1p1f1/Omon/tos/gn:
files
latest
v20190417

/badc/cmip6/data/CMIP6/HighResMIP/ECMWF/ECMWF-IFS-LR/hist-1950/r1i1p1f1/Omon/tos/gn:
files
latest
v20180221

/badc/cmip6/data/CMIP6/HighResMIP/ECMWF/ECMWF-IFS-LR/hist-1950/r2i1p1f1/Omon/tos/gn:
files
latest
v20181119

/badc/cmip6/data/CMIP6/HighResMIP/ECMWF/ECMWF-IFS-LR/hist-1950/r3i1p1f1/Omon/tos/gn:
files
latest
v20181119

/badc/cmip6/data/CMIP6/HighResMIP/ECMWF/ECMWF-IFS-LR/hist-1950/r4i1p1f1/Omon/tos/gn:
files
latest
v20181119

/badc/cmip6/data/CMIP6/HighResMIP/ECMWF/ECMWF-IFS-LR/hist-1950/r5i1p1f1/Omon/tos/gn:
files
latest
v20181119

/badc/cmip6/data/CMIP6/HighResMIP/ECMWF/ECMWF-IFS-LR/hist-1950/r6i1p1f1/Omon/tos/gn:
files
latest
v20181119

/badc/cmip6/data/CMIP6/HighResMIP/ECMWF/ECMWF-IFS-LR/hist-1950/r7i1p1f1/Omon/tos/gn:
files
latest
v20190425

/badc/cmip6/data/CMIP6/HighResMIP/ECMWF/ECMWF-IFS-LR/hist-1950/r8i1p1f1/Omon/tos/gn:
files
latest
v20190425

/badc/cmip6/data/CMIP6/HighResMIP/ECMWF/ECMWF-IFS-MR/hist-1950/r1i1p1f1/Omon/tos/gn:
files
latest
v20181119

/badc/cmip6/data/CMIP6/HighResMIP/ECMWF/ECMWF-IFS-MR/hist-1950/r2i1p1f1/Omon/tos/gn:
files
latest
v20190626

/badc/cmip6/data/CMIP6/HighResMIP/ECMWF/ECMWF-IFS-MR/hist-1950/r3i1p1f1/Omon/tos/gn:
files
latest
v20190626

/badc/cmip6/data/CMIP6/HighResMIP/INM/INM-CM5-H/hist-1950/r1i1p1f1/Omon/tos/gr1:
files
latest
v20190812

/badc/cmip6/data/CMIP6/HighResMIP/MOHC/HadGEM3-GC31-HM/hist-1950/r1i1p1f1/Omon/tos/gn:
files
latest
v20180730

/badc/cmip6/data/CMIP6/HighResMIP/MOHC/HadGEM3-GC31-HM/hist-1950/r1i3p1f1/Omon/tos/gn:
files
latest
v20190710

/badc/cmip6/data/CMIP6/HighResMIP/MOHC/HadGEM3-GC31-LL/hist-1950/r1i1p1f1/Omon/tos/gn:
files
latest
v20170921

/badc/cmip6/data/CMIP6/HighResMIP/MOHC/HadGEM3-GC31-LL/hist-1950/r1i2p1f1/Omon/tos/gn:
files
latest
v20190418

/badc/cmip6/data/CMIP6/HighResMIP/MOHC/HadGEM3-GC31-LL/hist-1950/r1i3p1f1/Omon/tos/gn:
files
latest
v20190418

/badc/cmip6/data/CMIP6/HighResMIP/MOHC/HadGEM3-GC31-LL/hist-1950/r1i4p1f1/Omon/tos/gn:
files
latest
v20190418

/badc/cmip6/data/CMIP6/HighResMIP/MOHC/HadGEM3-GC31-LL/hist-1950/r1i5p1f1/Omon/tos/gn:
files
latest
v20190418

/badc/cmip6/data/CMIP6/HighResMIP/MOHC/HadGEM3-GC31-LL/hist-1950/r1i6p1f1/Omon/tos/gn:
files
latest
v20190418

/badc/cmip6/data/CMIP6/HighResMIP/MOHC/HadGEM3-GC31-LL/hist-1950/r1i7p1f1/Omon/tos/gn:
files
latest
v20190418

/badc/cmip6/data/CMIP6/HighResMIP/MOHC/HadGEM3-GC31-LL/hist-1950/r1i8p1f1/Omon/tos/gn:
files
latest
v20190418

/badc/cmip6/data/CMIP6/HighResMIP/MOHC/HadGEM3-GC31-MM/hist-1950/r1i1p1f1/Omon/tos/gn:
files
latest
v20170928

/badc/cmip6/data/CMIP6/HighResMIP/MOHC/HadGEM3-GC31-MM/hist-1950/r1i2p1f1/Omon/tos/gn:
files
latest
v20190710

/badc/cmip6/data/CMIP6/HighResMIP/MOHC/HadGEM3-GC31-MM/hist-1950/r1i3p1f1/Omon/tos/gn:
files
latest
v20190710

/badc/cmip6/data/CMIP6/HighResMIP/MPI-M/MPI-ESM1-2-HR/hist-1950/r1i1p1f1/Omon/tos/gn:
files
latest
v20191129

/badc/cmip6/data/CMIP6/HighResMIP/MPI-M/MPI-ESM1-2-XR/hist-1950/r1i1p1f1/Omon/tos/gn:
files
latest
v20191129

/badc/cmip6/data/CMIP6/HighResMIP/NCAR/CESM1-CAM5-SE-HR/hist-1950/r1i1p1f1/Omon/tos/gn:
files
latest
v20200810

/badc/cmip6/data/CMIP6/HighResMIP/NCAR/CESM1-CAM5-SE-LR/hist-1950/r1i1p1f1/Omon/tos/gn:
files
latest
v20200812

/badc/cmip6/data/CMIP6/HighResMIP/NERC/HadGEM3-GC31-HH/hist-1950/r1i1p1f1/Omon/tos/gn:
files
latest
v20200514

/badc/cmip6/data/CMIP6/HighResMIP/NERC/HadGEM3-GC31-HM/hist-1950/r1i2p1f1/Omon/tos/gn:
files
latest
v20190401
