/badc/cmip6/data/CMIP6/CMIP/AWI/AWI-CM-1-1-MR/historical/r1i1p1f1/Omon/wfo/gn:
files
latest
v20181218

/badc/cmip6/data/CMIP6/CMIP/AWI/AWI-CM-1-1-MR/historical/r2i1p1f1/Omon/wfo/gn:
files
latest
v20181218

/badc/cmip6/data/CMIP6/CMIP/AWI/AWI-ESM-1-1-LR/historical/r1i1p1f1/Omon/wfo/gn:
files
latest
v20200212

/badc/cmip6/data/CMIP6/CMIP/CAS/FGOALS-f3-L/historical/r1i1p1f1/Omon/wfo/gn:
files
latest
v20191007

/badc/cmip6/data/CMIP6/CMIP/CAS/FGOALS-f3-L/historical/r2i1p1f1/Omon/wfo/gn:
files
latest
v20191007

/badc/cmip6/data/CMIP6/CMIP/CCCma/CanESM5/historical/r1i1p1f1/Omon/wfo/gn:
files
latest
v20190429

/badc/cmip6/data/CMIP6/CMIP/CCCma/CanESM5/historical/r2i1p1f1/Omon/wfo/gn:
files
latest
v20190429

/badc/cmip6/data/CMIP6/CMIP/CMCC/CMCC-CM2-HR4/historical/r1i1p1f1/Omon/wfo/gn:
files
latest
v20200904

/badc/cmip6/data/CMIP6/CMIP/CMCC/CMCC-CM2-SR5/historical/r1i1p1f1/Omon/wfo/gn:
files
latest
v20200616

/badc/cmip6/data/CMIP6/CMIP/CNRM-CERFACS/CNRM-CM6-1/historical/r1i1p1f2/Omon/wfo/gn:
files
latest
v20180917

/badc/cmip6/data/CMIP6/CMIP/CNRM-CERFACS/CNRM-CM6-1-HR/historical/r1i1p1f2/Omon/wfo/gn:
files
latest
v20191021

/badc/cmip6/data/CMIP6/CMIP/CNRM-CERFACS/CNRM-ESM2-1/historical/r1i1p1f2/Omon/wfo/gn:
files
latest
v20181206

/badc/cmip6/data/CMIP6/CMIP/CSIRO/ACCESS-ESM1-5/historical/r1i1p1f1/Omon/wfo/gn:
files
latest
v20191115

/badc/cmip6/data/CMIP6/CMIP/CSIRO/ACCESS-ESM1-5/historical/r2i1p1f1/Omon/wfo/gn:
files
latest
v20191128

/badc/cmip6/data/CMIP6/CMIP/CSIRO-ARCCSS/ACCESS-CM2/historical/r1i1p1f1/Omon/wfo/gn:
files
latest
v20191108

/badc/cmip6/data/CMIP6/CMIP/CSIRO-ARCCSS/ACCESS-CM2/historical/r2i1p1f1/Omon/wfo/gn:
files
latest
v20191125

/badc/cmip6/data/CMIP6/CMIP/E3SM-Project/E3SM-1-0/historical/r1i1p1f1/Omon/wfo/gr:
files
latest
v20190826

/badc/cmip6/data/CMIP6/CMIP/E3SM-Project/E3SM-1-0/historical/r2i1p1f1/Omon/wfo/gr:
files
latest
v20190830

/badc/cmip6/data/CMIP6/CMIP/E3SM-Project/E3SM-1-1-ECA/historical/r1i1p1f1/Omon/wfo/gr:
files
latest
v20200127

/badc/cmip6/data/CMIP6/CMIP/E3SM-Project/E3SM-1-1/historical/r1i1p1f1/Omon/wfo/gr:
files
latest
v20191204

/badc/cmip6/data/CMIP6/CMIP/EC-Earth-Consortium/EC-Earth3/historical/r1i1p1f1/Omon/wfo/gn:
files
latest
v20200918

/badc/cmip6/data/CMIP6/CMIP/EC-Earth-Consortium/EC-Earth3/historical/r2i1p1f1/Omon/wfo/gn:
files
latest
v20200310

/badc/cmip6/data/CMIP6/CMIP/EC-Earth-Consortium/EC-Earth3-Veg/historical/r1i1p1f1/Omon/wfo/gn:
files
latest
v20200919

/badc/cmip6/data/CMIP6/CMIP/EC-Earth-Consortium/EC-Earth3-Veg/historical/r2i1p1f1/Omon/wfo/gn:
files
latest
v20200919

/badc/cmip6/data/CMIP6/CMIP/EC-Earth-Consortium/EC-Earth3-Veg-LR/historical/r1i1p1f1/Omon/wfo/gn:
files
latest
v20200919

/badc/cmip6/data/CMIP6/CMIP/EC-Earth-Consortium/EC-Earth3-Veg-LR/historical/r2i1p1f1/Omon/wfo/gn:
files
latest
v20200919

/badc/cmip6/data/CMIP6/CMIP/FIO-QLNM/FIO-ESM-2-0/historical/r1i1p1f1/Omon/wfo/gn:
files
latest
v20200922

/badc/cmip6/data/CMIP6/CMIP/FIO-QLNM/FIO-ESM-2-0/historical/r2i1p1f1/Omon/wfo/gn:
files
latest
v20200922

/badc/cmip6/data/CMIP6/CMIP/HAMMOZ-Consortium/MPI-ESM-1-2-HAM/historical/r1i1p1f1/Omon/wfo/gn:
files
latest
v20190627

/badc/cmip6/data/CMIP6/CMIP/IPSL/IPSL-CM6A-LR/historical/r1i1p1f1/Omon/wfo/gn:
files
latest
v20180803

/badc/cmip6/data/CMIP6/CMIP/IPSL/IPSL-CM6A-LR/historical/r2i1p1f1/Omon/wfo/gn:
files
latest
v20180803

/badc/cmip6/data/CMIP6/CMIP/MIROC/MIROC-ES2L/historical/r1i1p1f2/Omon/wfo/gn:
files
latest
v20190823

/badc/cmip6/data/CMIP6/CMIP/MIROC/MIROC-ES2L/historical/r1i1p1f2/Omon/wfo/gr1:
files
latest
v20200731

/badc/cmip6/data/CMIP6/CMIP/MOHC/HadGEM3-GC31-LL/historical/r1i1p1f3/Omon/wfo/gn:
files
latest
v20190624

/badc/cmip6/data/CMIP6/CMIP/MOHC/HadGEM3-GC31-LL/historical/r2i1p1f3/Omon/wfo/gn:
files
latest
v20190624

/badc/cmip6/data/CMIP6/CMIP/MOHC/HadGEM3-GC31-LL/historical/r3i1p1f3/Omon/wfo/gn:
files
latest
v20190626

/badc/cmip6/data/CMIP6/CMIP/MOHC/HadGEM3-GC31-LL/historical/r4i1p1f3/Omon/wfo/gn:
files
latest
v20190624

/badc/cmip6/data/CMIP6/CMIP/MOHC/HadGEM3-GC31-MM/historical/r1i1p1f3/Omon/wfo/gn:
files
latest
v20191207

/badc/cmip6/data/CMIP6/CMIP/MOHC/HadGEM3-GC31-MM/historical/r2i1p1f3/Omon/wfo/gn:
files
latest
v20191218

/badc/cmip6/data/CMIP6/CMIP/MOHC/HadGEM3-GC31-MM/historical/r3i1p1f3/Omon/wfo/gn:
files
latest
v20200601

/badc/cmip6/data/CMIP6/CMIP/MOHC/HadGEM3-GC31-MM/historical/r4i1p1f3/Omon/wfo/gn:
files
latest
v20200601

/badc/cmip6/data/CMIP6/CMIP/MOHC/UKESM1-0-LL/historical/r10i1p1f2/Omon/wfo/gn:
files
latest
v20191213

/badc/cmip6/data/CMIP6/CMIP/MOHC/UKESM1-0-LL/historical/r11i1p1f2/Omon/wfo/gn:
files
latest
v20191209

/badc/cmip6/data/CMIP6/CMIP/MOHC/UKESM1-0-LL/historical/r12i1p1f2/Omon/wfo/gn:
files
latest
v20191210

/badc/cmip6/data/CMIP6/CMIP/MOHC/UKESM1-0-LL/historical/r16i1p1f2/Omon/wfo/gn:
files
latest
v20191209

/badc/cmip6/data/CMIP6/CMIP/MOHC/UKESM1-0-LL/historical/r17i1p1f2/Omon/wfo/gn:
files
latest
v20191115

/badc/cmip6/data/CMIP6/CMIP/MOHC/UKESM1-0-LL/historical/r18i1p1f2/Omon/wfo/gn:
files
latest
v20191119

/badc/cmip6/data/CMIP6/CMIP/MOHC/UKESM1-0-LL/historical/r19i1p1f2/Omon/wfo/gn:
files
latest
v20191119

/badc/cmip6/data/CMIP6/CMIP/MOHC/UKESM1-0-LL/historical/r1i1p1f2/Omon/wfo/gn:
files
latest
v20190406
v20190627

/badc/cmip6/data/CMIP6/CMIP/MOHC/UKESM1-0-LL/historical/r2i1p1f2/Omon/wfo/gn:
files
latest
v20190708

/badc/cmip6/data/CMIP6/CMIP/MOHC/UKESM1-0-LL/historical/r3i1p1f2/Omon/wfo/gn:
files
latest
v20190708

/badc/cmip6/data/CMIP6/CMIP/MOHC/UKESM1-0-LL/historical/r4i1p1f2/Omon/wfo/gn:
files
latest
v20190708

/badc/cmip6/data/CMIP6/CMIP/MOHC/UKESM1-0-LL/historical/r5i1p1f3/Omon/wfo/gn:
files
latest
v20200124

/badc/cmip6/data/CMIP6/CMIP/MOHC/UKESM1-0-LL/historical/r6i1p1f3/Omon/wfo/gn:
files
latest
v20190604

/badc/cmip6/data/CMIP6/CMIP/MOHC/UKESM1-0-LL/historical/r7i1p1f3/Omon/wfo/gn:
files
latest
v20191011

/badc/cmip6/data/CMIP6/CMIP/MOHC/UKESM1-0-LL/historical/r8i1p1f2/Omon/wfo/gn:
files
latest
v20190708

/badc/cmip6/data/CMIP6/CMIP/MOHC/UKESM1-0-LL/historical/r9i1p1f2/Omon/wfo/gn:
files
latest
v20191015

/badc/cmip6/data/CMIP6/CMIP/MPI-M/MPI-ESM1-2-HR/historical/r1i1p1f1/Omon/wfo/gn:
files
latest
v20190710

/badc/cmip6/data/CMIP6/CMIP/MPI-M/MPI-ESM1-2-HR/historical/r2i1p1f1/Omon/wfo/gn:
files
latest
v20190710

/badc/cmip6/data/CMIP6/CMIP/MPI-M/MPI-ESM1-2-LR/historical/r1i1p1f1/Omon/wfo/gn:
files
latest
v20190710

/badc/cmip6/data/CMIP6/CMIP/MPI-M/MPI-ESM1-2-LR/historical/r2i1p1f1/Omon/wfo/gn:
files
latest
v20190710

/badc/cmip6/data/CMIP6/CMIP/MRI/MRI-ESM2-0/historical/r1i1p1f1/Omon/wfo/gn:
files
latest
v20191205

/badc/cmip6/data/CMIP6/CMIP/MRI/MRI-ESM2-0/historical/r1i1p1f1/Omon/wfo/gr:
files
latest
v20191205

/badc/cmip6/data/CMIP6/CMIP/MRI/MRI-ESM2-0/historical/r2i1p1f1/Omon/wfo/gn:
files
latest
v20191205

/badc/cmip6/data/CMIP6/CMIP/MRI/MRI-ESM2-0/historical/r2i1p1f1/Omon/wfo/gr:
files
latest
v20191205

/badc/cmip6/data/CMIP6/CMIP/NASA-GISS/GISS-E2-1-G/historical/r1i1p1f1/Omon/wfo/gn:
files
latest
v20180827

/badc/cmip6/data/CMIP6/CMIP/NASA-GISS/GISS-E2-1-G/historical/r1i1p1f2/Omon/wfo/gn:
files
latest
v20190903

/badc/cmip6/data/CMIP6/CMIP/NASA-GISS/GISS-E2-1-G/historical/r2i1p1f1/Omon/wfo/gn:
files
latest
v20180827

/badc/cmip6/data/CMIP6/CMIP/NCC/NorESM2-LM/historical/r1i1p1f1/Omon/wfo/gn:
files
latest
v20190815

/badc/cmip6/data/CMIP6/CMIP/NCC/NorESM2-LM/historical/r2i1p1f1/Omon/wfo/gn:
files
latest
v20190920

/badc/cmip6/data/CMIP6/CMIP/NCC/NorESM2-MM/historical/r2i1p1f1/Omon/wfo/gn:
files
latest
v20200218

/badc/cmip6/data/CMIP6/CMIP/NIMS-KMA/UKESM1-0-LL/historical/r13i1p1f2/Omon/wfo/gn:
files
latest
v20200805

/badc/cmip6/data/CMIP6/CMIP/NUIST/NESM3/historical/r1i1p1f1/Omon/wfo/gn:
files
latest
v20190703

/badc/cmip6/data/CMIP6/CMIP/NUIST/NESM3/historical/r2i1p1f1/Omon/wfo/gn:
files
latest
v20190703

/badc/cmip6/data/CMIP6/CMIP/SNU/SAM0-UNICON/historical/r1i1p1f1/Omon/wfo/gn:
files
latest
v20190323
